<?xml version="1.0" encoding="UTF-8" standalone="yes"?><!DOCTYPE report PUBLIC "-//JACOCO//DTD Report 1.1//EN" "report.dtd"><report name="aqmaps"><sessioninfo id="maks-pc-367e32dd" start="1605968591140" dump="1605968592476"/><sessioninfo id="maks-pc-367e32dd" start="1605968591140" dump="1605968592476"/><sessioninfo id="maks-pc-367e32dd" start="1605968591140" dump="1605968592476"/><sessioninfo id="maks-pc-367e32dd" start="1605968591140" dump="1605968592476"/><sessioninfo id="maks-pc-367e32dd" start="1605968591140" dump="1605968592476"/><sessioninfo id="maks-pc-367e32dd" start="1605968591140" dump="1605968592476"/><sessioninfo id="maks-pc-367e32dd" start="1605968591140" dump="1605968592476"/><sessioninfo id="maks-pc-367e32dd" start="1605968591140" dump="1605968592476"/><sessioninfo id="maks-pc-367e32dd" start="1605968591140" dump="1605968592476"/><sessioninfo id="maks-pc-367e32dd" start="1605968591140" dump="1605968592476"/><sessioninfo id="maks-pc-367e32dd" start="1605968591140" dump="1605968592476"/><sessioninfo id="maks-pc-367e32dd" start="1605968591140" dump="1605968592476"/><sessioninfo id="maks-pc-367e32dd" start="1605968591140" dump="1605968592476"/><sessioninfo id="maks-pc-367e32dd" start="1605968591140" dump="1605968592476"/><sessioninfo id="maks-pc-367e32dd" start="1605968591140" dump="1605968592476"/><sessioninfo id="maks-pc-367e32dd" start="1605968591140" dump="1605968592476"/><sessioninfo id="maks-pc-367e32dd" start="1605968591140" dump="1605968592476"/><sessioninfo id="maks-pc-367e32dd" start="1605968591140" dump="1605968592476"/><sessioninfo id="maks-pc-367e32dd" start="1605968591140" dump="1605968592476"/><sessioninfo id="maks-pc-367e32dd" start="1605968591140" dump="1605968592476"/><sessioninfo id="maks-pc-367e32dd" start="1605968591140" dump="1605968592476"/><sessioninfo id="maks-pc-367e32dd" start="1605968591140" dump="1605968592476"/><sessioninfo id="maks-pc-367e32dd" start="1605968591140" dump="1605968592476"/><sessioninfo id="maks-pc-367e32dd" start="1605968591140" dump="1605968592476"/><sessioninfo id="maks-pc-f110f77f" start="1605968595107" dump="1605968596819"/><sessioninfo id="maks-pc-f110f77f" start="1605968595107" dump="1605968596819"/><sessioninfo id="maks-pc-f110f77f" start="1605968595107" dump="1605968596819"/><sessioninfo id="maks-pc-f110f77f" start="1605968595107" dump="1605968596819"/><sessioninfo id="maks-pc-f110f77f" start="1605968595107" dump="1605968596819"/><sessioninfo id="maks-pc-f110f77f" start="1605968595107" dump="1605968596819"/><sessioninfo id="maks-pc-f110f77f" start="1605968595107" dump="1605968596819"/><sessioninfo id="maks-pc-f110f77f" start="1605968595107" dump="1605968596819"/><sessioninfo id="maks-pc-f110f77f" start="1605968595107" dump="1605968596819"/><sessioninfo id="maks-pc-f110f77f" start="1605968595107" dump="1605968596819"/><sessioninfo id="maks-pc-f110f77f" start="1605968595107" dump="1605968596819"/><sessioninfo id="maks-pc-f110f77f" start="1605968595107" dump="1605968596819"/><sessioninfo id="maks-pc-f110f77f" start="1605968595107" dump="1605968596819"/><sessioninfo id="maks-pc-f110f77f" start="1605968595107" dump="1605968596819"/><sessioninfo id="maks-pc-f110f77f" start="1605968595107" dump="1605968596819"/><sessioninfo id="maks-pc-f110f77f" start="1605968595107" dump="1605968596819"/><sessioninfo id="maks-pc-f110f77f" start="1605968595107" dump="1605968596819"/><sessioninfo id="maks-pc-f110f77f" start="1605968595107" dump="1605968596819"/><sessioninfo id="maks-pc-f110f77f" start="1605968595107" dump="1605968596819"/><sessioninfo id="maks-pc-f110f77f" start="1605968595107" dump="1605968596819"/><sessioninfo id="maks-pc-f110f77f" start="1605968595107" dump="1605968596819"/><sessioninfo id="maks-pc-f110f77f" start="1605968595107" dump="1605968596819"/><sessioninfo id="maks-pc-f110f77f" start="1605968595107" dump="1605968596819"/><sessioninfo id="maks-pc-f110f77f" start="1605968595107" dump="1605968596819"/><sessioninfo id="maks-pc-5ae1a57a" start="1605968614847" dump="1605968616229"/><sessioninfo id="maks-pc-5ae1a57a" start="1605968614847" dump="1605968616229"/><sessioninfo id="maks-pc-5ae1a57a" start="1605968614847" dump="1605968616229"/><sessioninfo id="maks-pc-5ae1a57a" start="1605968614847" dump="1605968616229"/><sessioninfo id="maks-pc-5ae1a57a" start="1605968614847" dump="1605968616229"/><sessioninfo id="maks-pc-5ae1a57a" start="1605968614847" dump="1605968616229"/><sessioninfo id="maks-pc-5ae1a57a" start="1605968614847" dump="1605968616229"/><sessioninfo id="maks-pc-5ae1a57a" start="1605968614847" dump="1605968616229"/><sessioninfo id="maks-pc-5ae1a57a" start="1605968614847" dump="1605968616229"/><sessioninfo id="maks-pc-5ae1a57a" start="1605968614847" dump="1605968616229"/><sessioninfo id="maks-pc-5ae1a57a" start="1605968614847" dump="1605968616229"/><sessioninfo id="maks-pc-5ae1a57a" start="1605968614847" dump="1605968616229"/><sessioninfo id="maks-pc-5ae1a57a" start="1605968614847" dump="1605968616229"/><sessioninfo id="maks-pc-5ae1a57a" start="1605968614847" dump="1605968616229"/><sessioninfo id="maks-pc-5ae1a57a" start="1605968614847" dump="1605968616229"/><sessioninfo id="maks-pc-5ae1a57a" start="1605968614847" dump="1605968616229"/><sessioninfo id="maks-pc-5ae1a57a" start="1605968614847" dump="1605968616229"/><sessioninfo id="maks-pc-5ae1a57a" start="1605968614847" dump="1605968616229"/><sessioninfo id="maks-pc-5ae1a57a" start="1605968614847" dump="1605968616229"/><sessioninfo id="maks-pc-5ae1a57a" start="1605968614847" dump="1605968616229"/><sessioninfo id="maks-pc-5ae1a57a" start="1605968614847" dump="1605968616229"/><sessioninfo id="maks-pc-5ae1a57a" start="1605968614847" dump="1605968616229"/><sessioninfo id="maks-pc-5ae1a57a" start="1605968614847" dump="1605968616229"/><sessioninfo id="maks-pc-5ae1a57a" start="1605968614847" dump="1605968616229"/><sessioninfo id="maks-pc-b2262de9" start="1605968628409" dump="1605968629932"/><sessioninfo id="maks-pc-b2262de9" start="1605968628409" dump="1605968629932"/><sessioninfo id="maks-pc-b2262de9" start="1605968628409" dump="1605968629932"/><sessioninfo id="maks-pc-b2262de9" start="1605968628409" dump="1605968629932"/><sessioninfo id="maks-pc-b2262de9" start="1605968628409" dump="1605968629932"/><sessioninfo id="maks-pc-b2262de9" start="1605968628409" dump="1605968629932"/><sessioninfo id="maks-pc-b2262de9" start="1605968628409" dump="1605968629932"/><sessioninfo id="maks-pc-b2262de9" start="1605968628409" dump="1605968629932"/><sessioninfo id="maks-pc-b2262de9" start="1605968628409" dump="1605968629932"/><sessioninfo id="maks-pc-b2262de9" start="1605968628409" dump="1605968629932"/><sessioninfo id="maks-pc-b2262de9" start="1605968628409" dump="1605968629932"/><sessioninfo id="maks-pc-b2262de9" start="1605968628409" dump="1605968629932"/><sessioninfo id="maks-pc-b2262de9" start="1605968628409" dump="1605968629932"/><sessioninfo id="maks-pc-b2262de9" start="1605968628409" dump="1605968629932"/><sessioninfo id="maks-pc-b2262de9" start="1605968628409" dump="1605968629932"/><sessioninfo id="maks-pc-b2262de9" start="1605968628409" dump="1605968629932"/><sessioninfo id="maks-pc-b2262de9" start="1605968628409" dump="1605968629932"/><sessioninfo id="maks-pc-b2262de9" start="1605968628409" dump="1605968629932"/><sessioninfo id="maks-pc-b2262de9" start="1605968628409" dump="1605968629932"/><sessioninfo id="maks-pc-b2262de9" start="1605968628409" dump="1605968629932"/><sessioninfo id="maks-pc-b2262de9" start="1605968628409" dump="1605968629932"/><sessioninfo id="maks-pc-b2262de9" start="1605968628409" dump="1605968629932"/><sessioninfo id="maks-pc-b2262de9" start="1605968628409" dump="1605968629932"/><sessioninfo id="maks-pc-b2262de9" start="1605968628409" dump="1605968629932"/><sessioninfo id="maks-pc-3304b605" start="1605968631209" dump="1605968632882"/><sessioninfo id="maks-pc-3304b605" start="1605968631209" dump="1605968632882"/><sessioninfo id="maks-pc-3304b605" start="1605968631209" dump="1605968632882"/><sessioninfo id="maks-pc-3304b605" start="1605968631209" dump="1605968632882"/><sessioninfo id="maks-pc-3304b605" start="1605968631209" dump="1605968632882"/><sessioninfo id="maks-pc-3304b605" start="1605968631209" dump="1605968632882"/><sessioninfo id="maks-pc-3304b605" start="1605968631209" dump="1605968632882"/><sessioninfo id="maks-pc-3304b605" start="1605968631209" dump="1605968632882"/><sessioninfo id="maks-pc-3304b605" start="1605968631209" dump="1605968632882"/><sessioninfo id="maks-pc-3304b605" start="1605968631209" dump="1605968632882"/><sessioninfo id="maks-pc-3304b605" start="1605968631209" dump="1605968632882"/><sessioninfo id="maks-pc-3304b605" start="1605968631209" dump="1605968632882"/><sessioninfo id="maks-pc-3304b605" start="1605968631209" dump="1605968632882"/><sessioninfo id="maks-pc-3304b605" start="1605968631209" dump="1605968632882"/><sessioninfo id="maks-pc-3304b605" start="1605968631209" dump="1605968632882"/><sessioninfo id="maks-pc-3304b605" start="1605968631209" dump="1605968632882"/><sessioninfo id="maks-pc-3304b605" start="1605968631209" dump="1605968632882"/><sessioninfo id="maks-pc-3304b605" start="1605968631209" dump="1605968632882"/><sessioninfo id="maks-pc-3304b605" start="1605968631209" dump="1605968632882"/><sessioninfo id="maks-pc-3304b605" start="1605968631209" dump="1605968632882"/><sessioninfo id="maks-pc-3304b605" start="1605968631209" dump="1605968632882"/><sessioninfo id="maks-pc-3304b605" start="1605968631209" dump="1605968632882"/><sessioninfo id="maks-pc-3304b605" start="1605968631209" dump="1605968632882"/><sessioninfo id="maks-pc-3304b605" start="1605968631209" dump="1605968632882"/><sessioninfo id="maks-pc-61c3e8a3" start="1605973737276" dump="1605973738646"/><sessioninfo id="maks-pc-61c3e8a3" start="1605973737276" dump="1605973738646"/><sessioninfo id="maks-pc-61c3e8a3" start="1605973737276" dump="1605973738646"/><sessioninfo id="maks-pc-61c3e8a3" start="1605973737276" dump="1605973738646"/><sessioninfo id="maks-pc-61c3e8a3" start="1605973737276" dump="1605973738646"/><sessioninfo id="maks-pc-61c3e8a3" start="1605973737276" dump="1605973738646"/><sessioninfo id="maks-pc-61c3e8a3" start="1605973737276" dump="1605973738646"/><sessioninfo id="maks-pc-61c3e8a3" start="1605973737276" dump="1605973738646"/><sessioninfo id="maks-pc-61c3e8a3" start="1605973737276" dump="1605973738646"/><sessioninfo id="maks-pc-61c3e8a3" start="1605973737276" dump="1605973738646"/><sessioninfo id="maks-pc-61c3e8a3" start="1605973737276" dump="1605973738646"/><sessioninfo id="maks-pc-61c3e8a3" start="1605973737276" dump="1605973738646"/><sessioninfo id="maks-pc-61c3e8a3" start="1605973737276" dump="1605973738646"/><sessioninfo id="maks-pc-61c3e8a3" start="1605973737276" dump="1605973738646"/><sessioninfo id="maks-pc-61c3e8a3" start="1605973737276" dump="1605973738646"/><sessioninfo id="maks-pc-61c3e8a3" start="1605973737276" dump="1605973738646"/><sessioninfo id="maks-pc-61c3e8a3" start="1605973737276" dump="1605973738646"/><sessioninfo id="maks-pc-61c3e8a3" start="1605973737276" dump="1605973738646"/><sessioninfo id="maks-pc-61c3e8a3" start="1605973737276" dump="1605973738646"/><sessioninfo id="maks-pc-61c3e8a3" start="1605973737276" dump="1605973738646"/><sessioninfo id="maks-pc-61c3e8a3" start="1605973737276" dump="1605973738646"/><sessioninfo id="maks-pc-61c3e8a3" start="1605973737276" dump="1605973738646"/><sessioninfo id="maks-pc-61c3e8a3" start="1605973737276" dump="1605973738646"/><sessioninfo id="maks-pc-72b6b158" start="1605973739972" dump="1605973741647"/><sessioninfo id="maks-pc-72b6b158" start="1605973739972" dump="1605973741647"/><sessioninfo id="maks-pc-72b6b158" start="1605973739972" dump="1605973741647"/><sessioninfo id="maks-pc-72b6b158" start="1605973739972" dump="1605973741647"/><sessioninfo id="maks-pc-72b6b158" start="1605973739972" dump="1605973741647"/><sessioninfo id="maks-pc-72b6b158" start="1605973739972" dump="1605973741647"/><sessioninfo id="maks-pc-72b6b158" start="1605973739972" dump="1605973741647"/><sessioninfo id="maks-pc-72b6b158" start="1605973739972" dump="1605973741647"/><sessioninfo id="maks-pc-72b6b158" start="1605973739972" dump="1605973741647"/><sessioninfo id="maks-pc-72b6b158" start="1605973739972" dump="1605973741647"/><sessioninfo id="maks-pc-72b6b158" start="1605973739972" dump="1605973741647"/><sessioninfo id="maks-pc-72b6b158" start="1605973739972" dump="1605973741647"/><sessioninfo id="maks-pc-72b6b158" start="1605973739972" dump="1605973741647"/><sessioninfo id="maks-pc-72b6b158" start="1605973739972" dump="1605973741647"/><sessioninfo id="maks-pc-72b6b158" start="1605973739972" dump="1605973741647"/><sessioninfo id="maks-pc-72b6b158" start="1605973739972" dump="1605973741647"/><sessioninfo id="maks-pc-72b6b158" start="1605973739972" dump="1605973741647"/><sessioninfo id="maks-pc-72b6b158" start="1605973739972" dump="1605973741647"/><sessioninfo id="maks-pc-72b6b158" start="1605973739972" dump="1605973741647"/><sessioninfo id="maks-pc-72b6b158" start="1605973739972" dump="1605973741647"/><sessioninfo id="maks-pc-72b6b158" start="1605973739972" dump="1605973741647"/><sessioninfo id="maks-pc-72b6b158" start="1605973739972" dump="1605973741647"/><sessioninfo id="maks-pc-72b6b158" start="1605973739972" dump="1605973741647"/><sessioninfo id="maks-pc-d525c907" start="1605974805687" dump="1605974807056"/><sessioninfo id="maks-pc-d525c907" start="1605974805687" dump="1605974807056"/><sessioninfo id="maks-pc-d525c907" start="1605974805687" dump="1605974807056"/><sessioninfo id="maks-pc-d525c907" start="1605974805687" dump="1605974807056"/><sessioninfo id="maks-pc-d525c907" start="1605974805687" dump="1605974807056"/><sessioninfo id="maks-pc-d525c907" start="1605974805687" dump="1605974807056"/><sessioninfo id="maks-pc-d525c907" start="1605974805687" dump="1605974807056"/><sessioninfo id="maks-pc-d525c907" start="1605974805687" dump="1605974807056"/><sessioninfo id="maks-pc-d525c907" start="1605974805687" dump="1605974807056"/><sessioninfo id="maks-pc-d525c907" start="1605974805687" dump="1605974807056"/><sessioninfo id="maks-pc-d525c907" start="1605974805687" dump="1605974807056"/><sessioninfo id="maks-pc-d525c907" start="1605974805687" dump="1605974807056"/><sessioninfo id="maks-pc-d525c907" start="1605974805687" dump="1605974807056"/><sessioninfo id="maks-pc-d525c907" start="1605974805687" dump="1605974807056"/><sessioninfo id="maks-pc-d525c907" start="1605974805687" dump="1605974807056"/><sessioninfo id="maks-pc-d525c907" start="1605974805687" dump="1605974807056"/><sessioninfo id="maks-pc-d525c907" start="1605974805687" dump="1605974807056"/><sessioninfo id="maks-pc-d525c907" start="1605974805687" dump="1605974807056"/><sessioninfo id="maks-pc-d525c907" start="1605974805687" dump="1605974807056"/><sessioninfo id="maks-pc-d525c907" start="1605974805687" dump="1605974807056"/><sessioninfo id="maks-pc-d525c907" start="1605974805687" dump="1605974807056"/><sessioninfo id="maks-pc-d525c907" start="1605974805687" dump="1605974807056"/><sessioninfo id="maks-pc-efd6fda9" start="1605974808349" dump="1605974809987"/><sessioninfo id="maks-pc-efd6fda9" start="1605974808349" dump="1605974809987"/><sessioninfo id="maks-pc-efd6fda9" start="1605974808349" dump="1605974809987"/><sessioninfo id="maks-pc-efd6fda9" start="1605974808349" dump="1605974809987"/><sessioninfo id="maks-pc-efd6fda9" start="1605974808349" dump="1605974809987"/><sessioninfo id="maks-pc-efd6fda9" start="1605974808349" dump="1605974809987"/><sessioninfo id="maks-pc-efd6fda9" start="1605974808349" dump="1605974809987"/><sessioninfo id="maks-pc-efd6fda9" start="1605974808349" dump="1605974809987"/><sessioninfo id="maks-pc-efd6fda9" start="1605974808349" dump="1605974809987"/><sessioninfo id="maks-pc-efd6fda9" start="1605974808349" dump="1605974809987"/><sessioninfo id="maks-pc-efd6fda9" start="1605974808349" dump="1605974809987"/><sessioninfo id="maks-pc-efd6fda9" start="1605974808349" dump="1605974809987"/><sessioninfo id="maks-pc-efd6fda9" start="1605974808349" dump="1605974809987"/><sessioninfo id="maks-pc-efd6fda9" start="1605974808349" dump="1605974809987"/><sessioninfo id="maks-pc-efd6fda9" start="1605974808349" dump="1605974809987"/><sessioninfo id="maks-pc-efd6fda9" start="1605974808349" dump="1605974809987"/><sessioninfo id="maks-pc-efd6fda9" start="1605974808349" dump="1605974809987"/><sessioninfo id="maks-pc-efd6fda9" start="1605974808349" dump="1605974809987"/><sessioninfo id="maks-pc-efd6fda9" start="1605974808349" dump="1605974809987"/><sessioninfo id="maks-pc-efd6fda9" start="1605974808349" dump="1605974809987"/><sessioninfo id="maks-pc-efd6fda9" start="1605974808349" dump="1605974809987"/><sessioninfo id="maks-pc-efd6fda9" start="1605974808349" dump="1605974809987"/><sessioninfo id="maks-pc-7d163771" start="1605975644792" dump="1605975646217"/><sessioninfo id="maks-pc-7d163771" start="1605975644792" dump="1605975646217"/><sessioninfo id="maks-pc-7d163771" start="1605975644792" dump="1605975646217"/><sessioninfo id="maks-pc-7d163771" start="1605975644792" dump="1605975646217"/><sessioninfo id="maks-pc-7d163771" start="1605975644792" dump="1605975646217"/><sessioninfo id="maks-pc-7d163771" start="1605975644792" dump="1605975646217"/><sessioninfo id="maks-pc-7d163771" start="1605975644792" dump="1605975646217"/><sessioninfo id="maks-pc-7d163771" start="1605975644792" dump="1605975646217"/><sessioninfo id="maks-pc-7d163771" start="1605975644792" dump="1605975646217"/><sessioninfo id="maks-pc-7d163771" start="1605975644792" dump="1605975646217"/><sessioninfo id="maks-pc-7d163771" start="1605975644792" dump="1605975646217"/><sessioninfo id="maks-pc-7d163771" start="1605975644792" dump="1605975646217"/><sessioninfo id="maks-pc-7d163771" start="1605975644792" dump="1605975646217"/><sessioninfo id="maks-pc-7d163771" start="1605975644792" dump="1605975646217"/><sessioninfo id="maks-pc-7d163771" start="1605975644792" dump="1605975646217"/><sessioninfo id="maks-pc-7d163771" start="1605975644792" dump="1605975646217"/><sessioninfo id="maks-pc-7d163771" start="1605975644792" dump="1605975646217"/><sessioninfo id="maks-pc-7d163771" start="1605975644792" dump="1605975646217"/><sessioninfo id="maks-pc-7d163771" start="1605975644792" dump="1605975646217"/><sessioninfo id="maks-pc-7d163771" start="1605975644792" dump="1605975646217"/><sessioninfo id="maks-pc-7d163771" start="1605975644792" dump="1605975646217"/><sessioninfo id="maks-pc-fdf3980e" start="1605975647611" dump="1605975649220"/><sessioninfo id="maks-pc-fdf3980e" start="1605975647611" dump="1605975649220"/><sessioninfo id="maks-pc-fdf3980e" start="1605975647611" dump="1605975649220"/><sessioninfo id="maks-pc-fdf3980e" start="1605975647611" dump="1605975649220"/><sessioninfo id="maks-pc-fdf3980e" start="1605975647611" dump="1605975649220"/><sessioninfo id="maks-pc-fdf3980e" start="1605975647611" dump="1605975649220"/><sessioninfo id="maks-pc-fdf3980e" start="1605975647611" dump="1605975649220"/><sessioninfo id="maks-pc-fdf3980e" start="1605975647611" dump="1605975649220"/><sessioninfo id="maks-pc-fdf3980e" start="1605975647611" dump="1605975649220"/><sessioninfo id="maks-pc-fdf3980e" start="1605975647611" dump="1605975649220"/><sessioninfo id="maks-pc-fdf3980e" start="1605975647611" dump="1605975649220"/><sessioninfo id="maks-pc-fdf3980e" start="1605975647611" dump="1605975649220"/><sessioninfo id="maks-pc-fdf3980e" start="1605975647611" dump="1605975649220"/><sessioninfo id="maks-pc-fdf3980e" start="1605975647611" dump="1605975649220"/><sessioninfo id="maks-pc-fdf3980e" start="1605975647611" dump="1605975649220"/><sessioninfo id="maks-pc-fdf3980e" start="1605975647611" dump="1605975649220"/><sessioninfo id="maks-pc-fdf3980e" start="1605975647611" dump="1605975649220"/><sessioninfo id="maks-pc-fdf3980e" start="1605975647611" dump="1605975649220"/><sessioninfo id="maks-pc-fdf3980e" start="1605975647611" dump="1605975649220"/><sessioninfo id="maks-pc-fdf3980e" start="1605975647611" dump="1605975649220"/><sessioninfo id="maks-pc-fdf3980e" start="1605975647611" dump="1605975649220"/><sessioninfo id="maks-pc-acad3852" start="1605975749790" dump="1605975751225"/><sessioninfo id="maks-pc-acad3852" start="1605975749790" dump="1605975751225"/><sessioninfo id="maks-pc-acad3852" start="1605975749790" dump="1605975751225"/><sessioninfo id="maks-pc-acad3852" start="1605975749790" dump="1605975751225"/><sessioninfo id="maks-pc-acad3852" start="1605975749790" dump="1605975751225"/><sessioninfo id="maks-pc-acad3852" start="1605975749790" dump="1605975751225"/><sessioninfo id="maks-pc-acad3852" start="1605975749790" dump="1605975751225"/><sessioninfo id="maks-pc-acad3852" start="1605975749790" dump="1605975751225"/><sessioninfo id="maks-pc-acad3852" start="1605975749790" dump="1605975751225"/><sessioninfo id="maks-pc-acad3852" start="1605975749790" dump="1605975751225"/><sessioninfo id="maks-pc-acad3852" start="1605975749790" dump="1605975751225"/><sessioninfo id="maks-pc-acad3852" start="1605975749790" dump="1605975751225"/><sessioninfo id="maks-pc-acad3852" start="1605975749790" dump="1605975751225"/><sessioninfo id="maks-pc-acad3852" start="1605975749790" dump="1605975751225"/><sessioninfo id="maks-pc-acad3852" start="1605975749790" dump="1605975751225"/><sessioninfo id="maks-pc-acad3852" start="1605975749790" dump="1605975751225"/><sessioninfo id="maks-pc-acad3852" start="1605975749790" dump="1605975751225"/><sessioninfo id="maks-pc-acad3852" start="1605975749790" dump="1605975751225"/><sessioninfo id="maks-pc-acad3852" start="1605975749790" dump="1605975751225"/><sessioninfo id="maks-pc-acad3852" start="1605975749790" dump="1605975751225"/><sessioninfo id="maks-pc-8cce7cd2" start="1605975752565" dump="1605975754257"/><sessioninfo id="maks-pc-8cce7cd2" start="1605975752565" dump="1605975754257"/><sessioninfo id="maks-pc-8cce7cd2" start="1605975752565" dump="1605975754257"/><sessioninfo id="maks-pc-8cce7cd2" start="1605975752565" dump="1605975754257"/><sessioninfo id="maks-pc-8cce7cd2" start="1605975752565" dump="1605975754257"/><sessioninfo id="maks-pc-8cce7cd2" start="1605975752565" dump="1605975754257"/><sessioninfo id="maks-pc-8cce7cd2" start="1605975752565" dump="1605975754257"/><sessioninfo id="maks-pc-8cce7cd2" start="1605975752565" dump="1605975754257"/><sessioninfo id="maks-pc-8cce7cd2" start="1605975752565" dump="1605975754257"/><sessioninfo id="maks-pc-8cce7cd2" start="1605975752565" dump="1605975754257"/><sessioninfo id="maks-pc-8cce7cd2" start="1605975752565" dump="1605975754257"/><sessioninfo id="maks-pc-8cce7cd2" start="1605975752565" dump="1605975754257"/><sessioninfo id="maks-pc-8cce7cd2" start="1605975752565" dump="1605975754257"/><sessioninfo id="maks-pc-8cce7cd2" start="1605975752565" dump="1605975754257"/><sessioninfo id="maks-pc-8cce7cd2" start="1605975752565" dump="1605975754257"/><sessioninfo id="maks-pc-8cce7cd2" start="1605975752565" dump="1605975754257"/><sessioninfo id="maks-pc-8cce7cd2" start="1605975752565" dump="1605975754257"/><sessioninfo id="maks-pc-8cce7cd2" start="1605975752565" dump="1605975754257"/><sessioninfo id="maks-pc-8cce7cd2" start="1605975752565" dump="1605975754257"/><sessioninfo id="maks-pc-8cce7cd2" start="1605975752565" dump="1605975754257"/><sessioninfo id="maks-pc-770b42da" start="1605975805719" dump="1605975807133"/><sessioninfo id="maks-pc-770b42da" start="1605975805719" dump="1605975807133"/><sessioninfo id="maks-pc-770b42da" start="1605975805719" dump="1605975807133"/><sessioninfo id="maks-pc-770b42da" start="1605975805719" dump="1605975807133"/><sessioninfo id="maks-pc-770b42da" start="1605975805719" dump="1605975807133"/><sessioninfo id="maks-pc-770b42da" start="1605975805719" dump="1605975807133"/><sessioninfo id="maks-pc-770b42da" start="1605975805719" dump="1605975807133"/><sessioninfo id="maks-pc-770b42da" start="1605975805719" dump="1605975807133"/><sessioninfo id="maks-pc-770b42da" start="1605975805719" dump="1605975807133"/><sessioninfo id="maks-pc-770b42da" start="1605975805719" dump="1605975807133"/><sessioninfo id="maks-pc-770b42da" start="1605975805719" dump="1605975807133"/><sessioninfo id="maks-pc-770b42da" start="1605975805719" dump="1605975807133"/><sessioninfo id="maks-pc-770b42da" start="1605975805719" dump="1605975807133"/><sessioninfo id="maks-pc-770b42da" start="1605975805719" dump="1605975807133"/><sessioninfo id="maks-pc-770b42da" start="1605975805719" dump="1605975807133"/><sessioninfo id="maks-pc-770b42da" start="1605975805719" dump="1605975807133"/><sessioninfo id="maks-pc-770b42da" start="1605975805719" dump="1605975807133"/><sessioninfo id="maks-pc-770b42da" start="1605975805719" dump="1605975807133"/><sessioninfo id="maks-pc-770b42da" start="1605975805719" dump="1605975807133"/><sessioninfo id="maks-pc-163818ad" start="1605975808451" dump="1605975810218"/><sessioninfo id="maks-pc-163818ad" start="1605975808451" dump="1605975810218"/><sessioninfo id="maks-pc-163818ad" start="1605975808451" dump="1605975810218"/><sessioninfo id="maks-pc-163818ad" start="1605975808451" dump="1605975810218"/><sessioninfo id="maks-pc-163818ad" start="1605975808451" dump="1605975810218"/><sessioninfo id="maks-pc-163818ad" start="1605975808451" dump="1605975810218"/><sessioninfo id="maks-pc-163818ad" start="1605975808451" dump="1605975810218"/><sessioninfo id="maks-pc-163818ad" start="1605975808451" dump="1605975810218"/><sessioninfo id="maks-pc-163818ad" start="1605975808451" dump="1605975810218"/><sessioninfo id="maks-pc-163818ad" start="1605975808451" dump="1605975810218"/><sessioninfo id="maks-pc-163818ad" start="1605975808451" dump="1605975810218"/><sessioninfo id="maks-pc-163818ad" start="1605975808451" dump="1605975810218"/><sessioninfo id="maks-pc-163818ad" start="1605975808451" dump="1605975810218"/><sessioninfo id="maks-pc-163818ad" start="1605975808451" dump="1605975810218"/><sessioninfo id="maks-pc-163818ad" start="1605975808451" dump="1605975810218"/><sessioninfo id="maks-pc-163818ad" start="1605975808451" dump="1605975810218"/><sessioninfo id="maks-pc-163818ad" start="1605975808451" dump="1605975810218"/><sessioninfo id="maks-pc-163818ad" start="1605975808451" dump="1605975810218"/><sessioninfo id="maks-pc-163818ad" start="1605975808451" dump="1605975810218"/><sessioninfo id="maks-pc-b8849c98" start="1605981279100" dump="1605981280599"/><sessioninfo id="maks-pc-b8849c98" start="1605981279100" dump="1605981280599"/><sessioninfo id="maks-pc-b8849c98" start="1605981279100" dump="1605981280599"/><sessioninfo id="maks-pc-b8849c98" start="1605981279100" dump="1605981280599"/><sessioninfo id="maks-pc-b8849c98" start="1605981279100" dump="1605981280599"/><sessioninfo id="maks-pc-b8849c98" start="1605981279100" dump="1605981280599"/><sessioninfo id="maks-pc-b8849c98" start="1605981279100" dump="1605981280599"/><sessioninfo id="maks-pc-b8849c98" start="1605981279100" dump="1605981280599"/><sessioninfo id="maks-pc-b8849c98" start="1605981279100" dump="1605981280599"/><sessioninfo id="maks-pc-b8849c98" start="1605981279100" dump="1605981280599"/><sessioninfo id="maks-pc-b8849c98" start="1605981279100" dump="1605981280599"/><sessioninfo id="maks-pc-b8849c98" start="1605981279100" dump="1605981280599"/><sessioninfo id="maks-pc-b8849c98" start="1605981279100" dump="1605981280599"/><sessioninfo id="maks-pc-b8849c98" start="1605981279100" dump="1605981280599"/><sessioninfo id="maks-pc-b8849c98" start="1605981279100" dump="1605981280599"/><sessioninfo id="maks-pc-b8849c98" start="1605981279100" dump="1605981280599"/><sessioninfo id="maks-pc-b8849c98" start="1605981279100" dump="1605981280599"/><sessioninfo id="maks-pc-b8849c98" start="1605981279100" dump="1605981280599"/><sessioninfo id="maks-pc-b64ac3aa" start="1605981281915" dump="1605981283637"/><sessioninfo id="maks-pc-b64ac3aa" start="1605981281915" dump="1605981283637"/><sessioninfo id="maks-pc-b64ac3aa" start="1605981281915" dump="1605981283637"/><sessioninfo id="maks-pc-b64ac3aa" start="1605981281915" dump="1605981283637"/><sessioninfo id="maks-pc-b64ac3aa" start="1605981281915" dump="1605981283637"/><sessioninfo id="maks-pc-b64ac3aa" start="1605981281915" dump="1605981283637"/><sessioninfo id="maks-pc-b64ac3aa" start="1605981281915" dump="1605981283637"/><sessioninfo id="maks-pc-b64ac3aa" start="1605981281915" dump="1605981283637"/><sessioninfo id="maks-pc-b64ac3aa" start="1605981281915" dump="1605981283637"/><sessioninfo id="maks-pc-b64ac3aa" start="1605981281915" dump="1605981283637"/><sessioninfo id="maks-pc-b64ac3aa" start="1605981281915" dump="1605981283637"/><sessioninfo id="maks-pc-b64ac3aa" start="1605981281915" dump="1605981283637"/><sessioninfo id="maks-pc-b64ac3aa" start="1605981281915" dump="1605981283637"/><sessioninfo id="maks-pc-b64ac3aa" start="1605981281915" dump="1605981283637"/><sessioninfo id="maks-pc-b64ac3aa" start="1605981281915" dump="1605981283637"/><sessioninfo id="maks-pc-b64ac3aa" start="1605981281915" dump="1605981283637"/><sessioninfo id="maks-pc-b64ac3aa" start="1605981281915" dump="1605981283637"/><sessioninfo id="maks-pc-b64ac3aa" start="1605981281915" dump="1605981283637"/><sessioninfo id="maks-pc-132bba28" start="1605981415726" dump="1605981417567"/><sessioninfo id="maks-pc-132bba28" start="1605981415726" dump="1605981417567"/><sessioninfo id="maks-pc-132bba28" start="1605981415726" dump="1605981417567"/><sessioninfo id="maks-pc-132bba28" start="1605981415726" dump="1605981417567"/><sessioninfo id="maks-pc-132bba28" start="1605981415726" dump="1605981417567"/><sessioninfo id="maks-pc-132bba28" start="1605981415726" dump="1605981417567"/><sessioninfo id="maks-pc-132bba28" start="1605981415726" dump="1605981417567"/><sessioninfo id="maks-pc-132bba28" start="1605981415726" dump="1605981417567"/><sessioninfo id="maks-pc-132bba28" start="1605981415726" dump="1605981417567"/><sessioninfo id="maks-pc-132bba28" start="1605981415726" dump="1605981417567"/><sessioninfo id="maks-pc-132bba28" start="1605981415726" dump="1605981417567"/><sessioninfo id="maks-pc-132bba28" start="1605981415726" dump="1605981417567"/><sessioninfo id="maks-pc-132bba28" start="1605981415726" dump="1605981417567"/><sessioninfo id="maks-pc-132bba28" start="1605981415726" dump="1605981417567"/><sessioninfo id="maks-pc-132bba28" start="1605981415726" dump="1605981417567"/><sessioninfo id="maks-pc-132bba28" start="1605981415726" dump="1605981417567"/><sessioninfo id="maks-pc-132bba28" start="1605981415726" dump="1605981417567"/><sessioninfo id="maks-pc-11e24165" start="1605981418934" dump="1605981420653"/><sessioninfo id="maks-pc-11e24165" start="1605981418934" dump="1605981420653"/><sessioninfo id="maks-pc-11e24165" start="1605981418934" dump="1605981420653"/><sessioninfo id="maks-pc-11e24165" start="1605981418934" dump="1605981420653"/><sessioninfo id="maks-pc-11e24165" start="1605981418934" dump="1605981420653"/><sessioninfo id="maks-pc-11e24165" start="1605981418934" dump="1605981420653"/><sessioninfo id="maks-pc-11e24165" start="1605981418934" dump="1605981420653"/><sessioninfo id="maks-pc-11e24165" start="1605981418934" dump="1605981420653"/><sessioninfo id="maks-pc-11e24165" start="1605981418934" dump="1605981420653"/><sessioninfo id="maks-pc-11e24165" start="1605981418934" dump="1605981420653"/><sessioninfo id="maks-pc-11e24165" start="1605981418934" dump="1605981420653"/><sessioninfo id="maks-pc-11e24165" start="1605981418934" dump="1605981420653"/><sessioninfo id="maks-pc-11e24165" start="1605981418934" dump="1605981420653"/><sessioninfo id="maks-pc-11e24165" start="1605981418934" dump="1605981420653"/><sessioninfo id="maks-pc-11e24165" start="1605981418934" dump="1605981420653"/><sessioninfo id="maks-pc-11e24165" start="1605981418934" dump="1605981420653"/><sessioninfo id="maks-pc-11e24165" start="1605981418934" dump="1605981420653"/><sessioninfo id="maks-pc-11c353e5" start="1605981611870" dump="1605981613280"/><sessioninfo id="maks-pc-11c353e5" start="1605981611870" dump="1605981613280"/><sessioninfo id="maks-pc-11c353e5" start="1605981611870" dump="1605981613280"/><sessioninfo id="maks-pc-11c353e5" start="1605981611870" dump="1605981613280"/><sessioninfo id="maks-pc-11c353e5" start="1605981611870" dump="1605981613280"/><sessioninfo id="maks-pc-11c353e5" start="1605981611870" dump="1605981613280"/><sessioninfo id="maks-pc-11c353e5" start="1605981611870" dump="1605981613280"/><sessioninfo id="maks-pc-11c353e5" start="1605981611870" dump="1605981613280"/><sessioninfo id="maks-pc-11c353e5" start="1605981611870" dump="1605981613280"/><sessioninfo id="maks-pc-11c353e5" start="1605981611870" dump="1605981613280"/><sessioninfo id="maks-pc-11c353e5" start="1605981611870" dump="1605981613280"/><sessioninfo id="maks-pc-11c353e5" start="1605981611870" dump="1605981613280"/><sessioninfo id="maks-pc-11c353e5" start="1605981611870" dump="1605981613280"/><sessioninfo id="maks-pc-11c353e5" start="1605981611870" dump="1605981613280"/><sessioninfo id="maks-pc-11c353e5" start="1605981611870" dump="1605981613280"/><sessioninfo id="maks-pc-11c353e5" start="1605981611870" dump="1605981613280"/><sessioninfo id="maks-pc-e8c5704e" start="1605981614713" dump="1605981616651"/><sessioninfo id="maks-pc-e8c5704e" start="1605981614713" dump="1605981616651"/><sessioninfo id="maks-pc-e8c5704e" start="1605981614713" dump="1605981616651"/><sessioninfo id="maks-pc-e8c5704e" start="1605981614713" dump="1605981616651"/><sessioninfo id="maks-pc-e8c5704e" start="1605981614713" dump="1605981616651"/><sessioninfo id="maks-pc-e8c5704e" start="1605981614713" dump="1605981616651"/><sessioninfo id="maks-pc-e8c5704e" start="1605981614713" dump="1605981616651"/><sessioninfo id="maks-pc-e8c5704e" start="1605981614713" dump="1605981616651"/><sessioninfo id="maks-pc-e8c5704e" start="1605981614713" dump="1605981616651"/><sessioninfo id="maks-pc-e8c5704e" start="1605981614713" dump="1605981616651"/><sessioninfo id="maks-pc-e8c5704e" start="1605981614713" dump="1605981616651"/><sessioninfo id="maks-pc-e8c5704e" start="1605981614713" dump="1605981616651"/><sessioninfo id="maks-pc-e8c5704e" start="1605981614713" dump="1605981616651"/><sessioninfo id="maks-pc-e8c5704e" start="1605981614713" dump="1605981616651"/><sessioninfo id="maks-pc-e8c5704e" start="1605981614713" dump="1605981616651"/><sessioninfo id="maks-pc-e8c5704e" start="1605981614713" dump="1605981616651"/><sessioninfo id="maks-pc-bbbc3d24" start="1605983638806" dump="1605983640317"/><sessioninfo id="maks-pc-bbbc3d24" start="1605983638806" dump="1605983640317"/><sessioninfo id="maks-pc-bbbc3d24" start="1605983638806" dump="1605983640317"/><sessioninfo id="maks-pc-bbbc3d24" start="1605983638806" dump="1605983640317"/><sessioninfo id="maks-pc-bbbc3d24" start="1605983638806" dump="1605983640317"/><sessioninfo id="maks-pc-bbbc3d24" start="1605983638806" dump="1605983640317"/><sessioninfo id="maks-pc-bbbc3d24" start="1605983638806" dump="1605983640317"/><sessioninfo id="maks-pc-bbbc3d24" start="1605983638806" dump="1605983640317"/><sessioninfo id="maks-pc-bbbc3d24" start="1605983638806" dump="1605983640317"/><sessioninfo id="maks-pc-bbbc3d24" start="1605983638806" dump="1605983640317"/><sessioninfo id="maks-pc-bbbc3d24" start="1605983638806" dump="1605983640317"/><sessioninfo id="maks-pc-bbbc3d24" start="1605983638806" dump="1605983640317"/><sessioninfo id="maks-pc-bbbc3d24" start="1605983638806" dump="1605983640317"/><sessioninfo id="maks-pc-bbbc3d24" start="1605983638806" dump="1605983640317"/><sessioninfo id="maks-pc-bbbc3d24" start="1605983638806" dump="1605983640317"/><sessioninfo id="maks-pc-93f34e94" start="1605983641855" dump="1605983643918"/><sessioninfo id="maks-pc-93f34e94" start="1605983641855" dump="1605983643918"/><sessioninfo id="maks-pc-93f34e94" start="1605983641855" dump="1605983643918"/><sessioninfo id="maks-pc-93f34e94" start="1605983641855" dump="1605983643918"/><sessioninfo id="maks-pc-93f34e94" start="1605983641855" dump="1605983643918"/><sessioninfo id="maks-pc-93f34e94" start="1605983641855" dump="1605983643918"/><sessioninfo id="maks-pc-93f34e94" start="1605983641855" dump="1605983643918"/><sessioninfo id="maks-pc-93f34e94" start="1605983641855" dump="1605983643918"/><sessioninfo id="maks-pc-93f34e94" start="1605983641855" dump="1605983643918"/><sessioninfo id="maks-pc-93f34e94" start="1605983641855" dump="1605983643918"/><sessioninfo id="maks-pc-93f34e94" start="1605983641855" dump="1605983643918"/><sessioninfo id="maks-pc-93f34e94" start="1605983641855" dump="1605983643918"/><sessioninfo id="maks-pc-93f34e94" start="1605983641855" dump="1605983643918"/><sessioninfo id="maks-pc-93f34e94" start="1605983641855" dump="1605983643918"/><sessioninfo id="maks-pc-93f34e94" start="1605983641855" dump="1605983643918"/><sessioninfo id="maks-pc-80db6a0b" start="1605983888187" dump="1605983889906"/><sessioninfo id="maks-pc-80db6a0b" start="1605983888187" dump="1605983889906"/><sessioninfo id="maks-pc-80db6a0b" start="1605983888187" dump="1605983889906"/><sessioninfo id="maks-pc-80db6a0b" start="1605983888187" dump="1605983889906"/><sessioninfo id="maks-pc-80db6a0b" start="1605983888187" dump="1605983889906"/><sessioninfo id="maks-pc-80db6a0b" start="1605983888187" dump="1605983889906"/><sessioninfo id="maks-pc-80db6a0b" start="1605983888187" dump="1605983889906"/><sessioninfo id="maks-pc-80db6a0b" start="1605983888187" dump="1605983889906"/><sessioninfo id="maks-pc-80db6a0b" start="1605983888187" dump="1605983889906"/><sessioninfo id="maks-pc-80db6a0b" start="1605983888187" dump="1605983889906"/><sessioninfo id="maks-pc-80db6a0b" start="1605983888187" dump="1605983889906"/><sessioninfo id="maks-pc-80db6a0b" start="1605983888187" dump="1605983889906"/><sessioninfo id="maks-pc-80db6a0b" start="1605983888187" dump="1605983889906"/><sessioninfo id="maks-pc-80db6a0b" start="1605983888187" dump="1605983889906"/><sessioninfo id="maks-pc-97ccd366" start="1605983891223" dump="1605983893103"/><sessioninfo id="maks-pc-97ccd366" start="1605983891223" dump="1605983893103"/><sessioninfo id="maks-pc-97ccd366" start="1605983891223" dump="1605983893103"/><sessioninfo id="maks-pc-97ccd366" start="1605983891223" dump="1605983893103"/><sessioninfo id="maks-pc-97ccd366" start="1605983891223" dump="1605983893103"/><sessioninfo id="maks-pc-97ccd366" start="1605983891223" dump="1605983893103"/><sessioninfo id="maks-pc-97ccd366" start="1605983891223" dump="1605983893103"/><sessioninfo id="maks-pc-97ccd366" start="1605983891223" dump="1605983893103"/><sessioninfo id="maks-pc-97ccd366" start="1605983891223" dump="1605983893103"/><sessioninfo id="maks-pc-97ccd366" start="1605983891223" dump="1605983893103"/><sessioninfo id="maks-pc-97ccd366" start="1605983891223" dump="1605983893103"/><sessioninfo id="maks-pc-97ccd366" start="1605983891223" dump="1605983893103"/><sessioninfo id="maks-pc-97ccd366" start="1605983891223" dump="1605983893103"/><sessioninfo id="maks-pc-97ccd366" start="1605983891223" dump="1605983893103"/><sessioninfo id="maks-pc-58642b1f" start="1606000817003" dump="1606000818908"/><sessioninfo id="maks-pc-58642b1f" start="1606000817003" dump="1606000818908"/><sessioninfo id="maks-pc-58642b1f" start="1606000817003" dump="1606000818908"/><sessioninfo id="maks-pc-58642b1f" start="1606000817003" dump="1606000818908"/><sessioninfo id="maks-pc-58642b1f" start="1606000817003" dump="1606000818908"/><sessioninfo id="maks-pc-58642b1f" start="1606000817003" dump="1606000818908"/><sessioninfo id="maks-pc-58642b1f" start="1606000817003" dump="1606000818908"/><sessioninfo id="maks-pc-58642b1f" start="1606000817003" dump="1606000818908"/><sessioninfo id="maks-pc-58642b1f" start="1606000817003" dump="1606000818908"/><sessioninfo id="maks-pc-58642b1f" start="1606000817003" dump="1606000818908"/><sessioninfo id="maks-pc-58642b1f" start="1606000817003" dump="1606000818908"/><sessioninfo id="maks-pc-58642b1f" start="1606000817003" dump="1606000818908"/><sessioninfo id="maks-pc-58642b1f" start="1606000817003" dump="1606000818908"/><sessioninfo id="maks-pc-a8d97f52" start="1606000820318" dump="1606000824898"/><sessioninfo id="maks-pc-a8d97f52" start="1606000820318" dump="1606000824898"/><sessioninfo id="maks-pc-a8d97f52" start="1606000820318" dump="1606000824898"/><sessioninfo id="maks-pc-a8d97f52" start="1606000820318" dump="1606000824898"/><sessioninfo id="maks-pc-a8d97f52" start="1606000820318" dump="1606000824898"/><sessioninfo id="maks-pc-a8d97f52" start="1606000820318" dump="1606000824898"/><sessioninfo id="maks-pc-a8d97f52" start="1606000820318" dump="1606000824898"/><sessioninfo id="maks-pc-a8d97f52" start="1606000820318" dump="1606000824898"/><sessioninfo id="maks-pc-a8d97f52" start="1606000820318" dump="1606000824898"/><sessioninfo id="maks-pc-a8d97f52" start="1606000820318" dump="1606000824898"/><sessioninfo id="maks-pc-a8d97f52" start="1606000820318" dump="1606000824898"/><sessioninfo id="maks-pc-a8d97f52" start="1606000820318" dump="1606000824898"/><sessioninfo id="maks-pc-a8d97f52" start="1606000820318" dump="1606000824898"/><sessioninfo id="maks-pc-364ce970" start="1606003166325" dump="1606003168064"/><sessioninfo id="maks-pc-364ce970" start="1606003166325" dump="1606003168064"/><sessioninfo id="maks-pc-364ce970" start="1606003166325" dump="1606003168064"/><sessioninfo id="maks-pc-364ce970" start="1606003166325" dump="1606003168064"/><sessioninfo id="maks-pc-364ce970" start="1606003166325" dump="1606003168064"/><sessioninfo id="maks-pc-364ce970" start="1606003166325" dump="1606003168064"/><sessioninfo id="maks-pc-364ce970" start="1606003166325" dump="1606003168064"/><sessioninfo id="maks-pc-364ce970" start="1606003166325" dump="1606003168064"/><sessioninfo id="maks-pc-364ce970" start="1606003166325" dump="1606003168064"/><sessioninfo id="maks-pc-364ce970" start="1606003166325" dump="1606003168064"/><sessioninfo id="maks-pc-364ce970" start="1606003166325" dump="1606003168064"/><sessioninfo id="maks-pc-364ce970" start="1606003166325" dump="1606003168064"/><sessioninfo id="maks-pc-be5201ab" start="1606003169529" dump="1606003174540"/><sessioninfo id="maks-pc-be5201ab" start="1606003169529" dump="1606003174540"/><sessioninfo id="maks-pc-be5201ab" start="1606003169529" dump="1606003174540"/><sessioninfo id="maks-pc-be5201ab" start="1606003169529" dump="1606003174540"/><sessioninfo id="maks-pc-be5201ab" start="1606003169529" dump="1606003174540"/><sessioninfo id="maks-pc-be5201ab" start="1606003169529" dump="1606003174540"/><sessioninfo id="maks-pc-be5201ab" start="1606003169529" dump="1606003174540"/><sessioninfo id="maks-pc-be5201ab" start="1606003169529" dump="1606003174540"/><sessioninfo id="maks-pc-be5201ab" start="1606003169529" dump="1606003174540"/><sessioninfo id="maks-pc-be5201ab" start="1606003169529" dump="1606003174540"/><sessioninfo id="maks-pc-be5201ab" start="1606003169529" dump="1606003174540"/><sessioninfo id="maks-pc-be5201ab" start="1606003169529" dump="1606003174540"/><sessioninfo id="maks-pc-b51ba290" start="1606003586133" dump="1606003587704"/><sessioninfo id="maks-pc-b51ba290" start="1606003586133" dump="1606003587704"/><sessioninfo id="maks-pc-b51ba290" start="1606003586133" dump="1606003587704"/><sessioninfo id="maks-pc-b51ba290" start="1606003586133" dump="1606003587704"/><sessioninfo id="maks-pc-b51ba290" start="1606003586133" dump="1606003587704"/><sessioninfo id="maks-pc-b51ba290" start="1606003586133" dump="1606003587704"/><sessioninfo id="maks-pc-b51ba290" start="1606003586133" dump="1606003587704"/><sessioninfo id="maks-pc-b51ba290" start="1606003586133" dump="1606003587704"/><sessioninfo id="maks-pc-b51ba290" start="1606003586133" dump="1606003587704"/><sessioninfo id="maks-pc-b51ba290" start="1606003586133" dump="1606003587704"/><sessioninfo id="maks-pc-b51ba290" start="1606003586133" dump="1606003587704"/><sessioninfo id="maks-pc-beb495ee" start="1606003589111" dump="1606003593919"/><sessioninfo id="maks-pc-beb495ee" start="1606003589111" dump="1606003593919"/><sessioninfo id="maks-pc-beb495ee" start="1606003589111" dump="1606003593919"/><sessioninfo id="maks-pc-beb495ee" start="1606003589111" dump="1606003593919"/><sessioninfo id="maks-pc-beb495ee" start="1606003589111" dump="1606003593919"/><sessioninfo id="maks-pc-beb495ee" start="1606003589111" dump="1606003593919"/><sessioninfo id="maks-pc-beb495ee" start="1606003589111" dump="1606003593919"/><sessioninfo id="maks-pc-beb495ee" start="1606003589111" dump="1606003593919"/><sessioninfo id="maks-pc-beb495ee" start="1606003589111" dump="1606003593919"/><sessioninfo id="maks-pc-beb495ee" start="1606003589111" dump="1606003593919"/><sessioninfo id="maks-pc-beb495ee" start="1606003589111" dump="1606003593919"/><sessioninfo id="maks-pc-b1c36445" start="1606003797057" dump="1606003798597"/><sessioninfo id="maks-pc-b1c36445" start="1606003797057" dump="1606003798597"/><sessioninfo id="maks-pc-b1c36445" start="1606003797057" dump="1606003798597"/><sessioninfo id="maks-pc-b1c36445" start="1606003797057" dump="1606003798597"/><sessioninfo id="maks-pc-b1c36445" start="1606003797057" dump="1606003798597"/><sessioninfo id="maks-pc-b1c36445" start="1606003797057" dump="1606003798597"/><sessioninfo id="maks-pc-b1c36445" start="1606003797057" dump="1606003798597"/><sessioninfo id="maks-pc-b1c36445" start="1606003797057" dump="1606003798597"/><sessioninfo id="maks-pc-b1c36445" start="1606003797057" dump="1606003798597"/><sessioninfo id="maks-pc-b1c36445" start="1606003797057" dump="1606003798597"/><sessioninfo id="maks-pc-bbe690ff" start="1606003799981" dump="1606003804747"/><sessioninfo id="maks-pc-bbe690ff" start="1606003799981" dump="1606003804747"/><sessioninfo id="maks-pc-bbe690ff" start="1606003799981" dump="1606003804747"/><sessioninfo id="maks-pc-bbe690ff" start="1606003799981" dump="1606003804747"/><sessioninfo id="maks-pc-bbe690ff" start="1606003799981" dump="1606003804747"/><sessioninfo id="maks-pc-bbe690ff" start="1606003799981" dump="1606003804747"/><sessioninfo id="maks-pc-bbe690ff" start="1606003799981" dump="1606003804747"/><sessioninfo id="maks-pc-bbe690ff" start="1606003799981" dump="1606003804747"/><sessioninfo id="maks-pc-bbe690ff" start="1606003799981" dump="1606003804747"/><sessioninfo id="maks-pc-bbe690ff" start="1606003799981" dump="1606003804747"/><sessioninfo id="maks-pc-540fcb40" start="1606003834416" dump="1606003835959"/><sessioninfo id="maks-pc-540fcb40" start="1606003834416" dump="1606003835959"/><sessioninfo id="maks-pc-540fcb40" start="1606003834416" dump="1606003835959"/><sessioninfo id="maks-pc-540fcb40" start="1606003834416" dump="1606003835959"/><sessioninfo id="maks-pc-540fcb40" start="1606003834416" dump="1606003835959"/><sessioninfo id="maks-pc-540fcb40" start="1606003834416" dump="1606003835959"/><sessioninfo id="maks-pc-540fcb40" start="1606003834416" dump="1606003835959"/><sessioninfo id="maks-pc-540fcb40" start="1606003834416" dump="1606003835959"/><sessioninfo id="maks-pc-540fcb40" start="1606003834416" dump="1606003835959"/><sessioninfo id="maks-pc-e0ccd143" start="1606003837410" dump="1606003842125"/><sessioninfo id="maks-pc-e0ccd143" start="1606003837410" dump="1606003842125"/><sessioninfo id="maks-pc-e0ccd143" start="1606003837410" dump="1606003842125"/><sessioninfo id="maks-pc-e0ccd143" start="1606003837410" dump="1606003842125"/><sessioninfo id="maks-pc-e0ccd143" start="1606003837410" dump="1606003842125"/><sessioninfo id="maks-pc-e0ccd143" start="1606003837410" dump="1606003842125"/><sessioninfo id="maks-pc-e0ccd143" start="1606003837410" dump="1606003842125"/><sessioninfo id="maks-pc-e0ccd143" start="1606003837410" dump="1606003842125"/><sessioninfo id="maks-pc-e0ccd143" start="1606003837410" dump="1606003842125"/><sessioninfo id="maks-pc-bfa65c52" start="1606003921526" dump="1606003923374"/><sessioninfo id="maks-pc-bfa65c52" start="1606003921526" dump="1606003923374"/><sessioninfo id="maks-pc-bfa65c52" start="1606003921526" dump="1606003923374"/><sessioninfo id="maks-pc-bfa65c52" start="1606003921526" dump="1606003923374"/><sessioninfo id="maks-pc-bfa65c52" start="1606003921526" dump="1606003923374"/><sessioninfo id="maks-pc-bfa65c52" start="1606003921526" dump="1606003923374"/><sessioninfo id="maks-pc-bfa65c52" start="1606003921526" dump="1606003923374"/><sessioninfo id="maks-pc-bfa65c52" start="1606003921526" dump="1606003923374"/><sessioninfo id="maks-pc-9a24602f" start="1606003924971" dump="1606003929831"/><sessioninfo id="maks-pc-9a24602f" start="1606003924971" dump="1606003929831"/><sessioninfo id="maks-pc-9a24602f" start="1606003924971" dump="1606003929831"/><sessioninfo id="maks-pc-9a24602f" start="1606003924971" dump="1606003929831"/><sessioninfo id="maks-pc-9a24602f" start="1606003924971" dump="1606003929831"/><sessioninfo id="maks-pc-9a24602f" start="1606003924971" dump="1606003929831"/><sessioninfo id="maks-pc-9a24602f" start="1606003924971" dump="1606003929831"/><sessioninfo id="maks-pc-9a24602f" start="1606003924971" dump="1606003929831"/><sessioninfo id="maks-pc-2533d720" start="1606003966622" dump="1606003968140"/><sessioninfo id="maks-pc-2533d720" start="1606003966622" dump="1606003968140"/><sessioninfo id="maks-pc-2533d720" start="1606003966622" dump="1606003968140"/><sessioninfo id="maks-pc-2533d720" start="1606003966622" dump="1606003968140"/><sessioninfo id="maks-pc-2533d720" start="1606003966622" dump="1606003968140"/><sessioninfo id="maks-pc-2533d720" start="1606003966622" dump="1606003968140"/><sessioninfo id="maks-pc-2533d720" start="1606003966622" dump="1606003968140"/><sessioninfo id="maks-pc-cd1222d5" start="1606003969576" dump="1606003974321"/><sessioninfo id="maks-pc-cd1222d5" start="1606003969576" dump="1606003974321"/><sessioninfo id="maks-pc-cd1222d5" start="1606003969576" dump="1606003974321"/><sessioninfo id="maks-pc-cd1222d5" start="1606003969576" dump="1606003974321"/><sessioninfo id="maks-pc-cd1222d5" start="1606003969576" dump="1606003974321"/><sessioninfo id="maks-pc-cd1222d5" start="1606003969576" dump="1606003974321"/><sessioninfo id="maks-pc-cd1222d5" start="1606003969576" dump="1606003974321"/><sessioninfo id="maks-pc-d0e025c6" start="1606010166929" dump="1606010168592"/><sessioninfo id="maks-pc-d0e025c6" start="1606010166929" dump="1606010168592"/><sessioninfo id="maks-pc-d0e025c6" start="1606010166929" dump="1606010168592"/><sessioninfo id="maks-pc-d0e025c6" start="1606010166929" dump="1606010168592"/><sessioninfo id="maks-pc-d0e025c6" start="1606010166929" dump="1606010168592"/><sessioninfo id="maks-pc-d0e025c6" start="1606010166929" dump="1606010168592"/><sessioninfo id="maks-pc-b1dfb226" start="1606010170056" dump="1606010174944"/><sessioninfo id="maks-pc-b1dfb226" start="1606010170056" dump="1606010174944"/><sessioninfo id="maks-pc-b1dfb226" start="1606010170056" dump="1606010174944"/><sessioninfo id="maks-pc-b1dfb226" start="1606010170056" dump="1606010174944"/><sessioninfo id="maks-pc-b1dfb226" start="1606010170056" dump="1606010174944"/><sessioninfo id="maks-pc-b1dfb226" start="1606010170056" dump="1606010174944"/><sessioninfo id="maks-pc-47c6857e" start="1606029177468" dump="1606029179059"/><sessioninfo id="maks-pc-47c6857e" start="1606029177468" dump="1606029179059"/><sessioninfo id="maks-pc-47c6857e" start="1606029177468" dump="1606029179059"/><sessioninfo id="maks-pc-47c6857e" start="1606029177468" dump="1606029179059"/><sessioninfo id="maks-pc-47c6857e" start="1606029177468" dump="1606029179059"/><sessioninfo id="maks-pc-7e0cace5" start="1606029180689" dump="1606029186302"/><sessioninfo id="maks-pc-7e0cace5" start="1606029180689" dump="1606029186302"/><sessioninfo id="maks-pc-7e0cace5" start="1606029180689" dump="1606029186302"/><sessioninfo id="maks-pc-7e0cace5" start="1606029180689" dump="1606029186302"/><sessioninfo id="maks-pc-7e0cace5" start="1606029180689" dump="1606029186302"/><sessioninfo id="maks-pc-32ff2b39" start="1606029273733" dump="1606029275283"/><sessioninfo id="maks-pc-32ff2b39" start="1606029273733" dump="1606029275283"/><sessioninfo id="maks-pc-32ff2b39" start="1606029273733" dump="1606029275283"/><sessioninfo id="maks-pc-32ff2b39" start="1606029273733" dump="1606029275283"/><sessioninfo id="maks-pc-e841588b" start="1606029276638" dump="1606029281473"/><sessioninfo id="maks-pc-e841588b" start="1606029276638" dump="1606029281473"/><sessioninfo id="maks-pc-e841588b" start="1606029276638" dump="1606029281473"/><sessioninfo id="maks-pc-e841588b" start="1606029276638" dump="1606029281473"/><sessioninfo id="maks-pc-8fe26579" start="1606740318332" dump="1606740319912"/><sessioninfo id="maks-pc-8fe26579" start="1606740318332" dump="1606740319912"/><sessioninfo id="maks-pc-8fe26579" start="1606740318332" dump="1606740319912"/><sessioninfo id="maks-pc-d75dae3b" start="1606740323230" dump="1606740328154"/><sessioninfo id="maks-pc-d75dae3b" start="1606740323230" dump="1606740328154"/><sessioninfo id="maks-pc-d75dae3b" start="1606740323230" dump="1606740328154"/><sessioninfo id="maks-pc-84b75cd7" start="1606740363214" dump="1606740364744"/><sessioninfo id="maks-pc-84b75cd7" start="1606740363214" dump="1606740364744"/><sessioninfo id="maks-pc-dea9dd6e" start="1606740366231" dump="1606740370843"/><sessioninfo id="maks-pc-dea9dd6e" start="1606740366231" dump="1606740370843"/><sessioninfo id="maks-pc-1905f630" start="1606740433515" dump="1606740434985"/><sessioninfo id="maks-pc-376e0b89" start="1606740436341" dump="1606740451858"/><sessioninfo id="maks-pc-7e3cc9c3" start="1606741168891" dump="1606741170513"/><sessioninfo id="maks-pc-bf8e2333" start="1606741171969" dump="1606748103635"/><package name="uk/ac/ed/inf/aqmaps/simulation"><class name="uk/ac/ed/inf/aqmaps/simulation/Building" sourcefilename="Building.java"><method name="&lt;init&gt;" desc="(Lorg/locationtech/jts/geom/Polygon;)V" line="20"><counter type="INSTRUCTION" missed="0" covered="6"/><counter type="LINE" missed="0" covered="3"/><counter type="COMPLEXITY" missed="0" covered="1"/><counter type="METHOD" missed="0" covered="1"/></method><method name="getShape" desc="()Lorg/locationtech/jts/geom/Polygon;" line="29"><counter type="INSTRUCTION" missed="0" covered="3"/><counter type="LINE" missed="0" covered="1"/><counter type="COMPLEXITY" missed="0" covered="1"/><counter type="METHOD" missed="0" covered="1"/></method><method name="intersectsPath" desc="(Lorg/locationtech/jts/geom/Coordinate;Lorg/locationtech/jts/geom/Coordinate;)Z" line="37"><counter type="INSTRUCTION" missed="0" covered="27"/><counter type="BRANCH" missed="1" covered="3"/><counter type="LINE" missed="0" covered="3"/><counter type="COMPLEXITY" missed="1" covered="2"/><counter type="METHOD" missed="0" covered="1"/></method><counter type="INSTRUCTION" missed="0" covered="36"/><counter type="BRANCH" missed="1" covered="3"/><counter type="LINE" missed="0" covered="7"/><counter type="COMPLEXITY" missed="1" covered="4"/><counter type="METHOD" missed="0" covered="3"/><counter type="CLASS" missed="0" covered="1"/></class><class name="uk/ac/ed/inf/aqmaps/simulation/DirectedSearchNode" sourcefilename="DirectedSearchNode.java"><method name="&lt;init&gt;" desc="(Lorg/locationtech/jts/geom/Coordinate;Luk/ac/ed/inf/aqmaps/simulation/DirectedSearchNode;ID)V" line="26"><counter type="INSTRUCTION" missed="0" covered="12"/><counter type="LINE" missed="0" covered="4"/><counter type="COMPLEXITY" missed="0" covered="1"/><counter type="METHOD" missed="0" covered="1"/></method><method name="&lt;init&gt;" desc="(Lorg/locationtech/jts/geom/Coordinate;Luk/ac/ed/inf/aqmaps/simulation/DirectedSearchNode;IDD)V" line="44"><counter type="INSTRUCTION" missed="0" covered="13"/><counter type="LINE" missed="0" covered="4"/><counter type="COMPLEXITY" missed="0" covered="1"/><counter type="METHOD" missed="0" covered="1"/></method><method name="getDirectionFromParent" desc="()I" line="49"><counter type="INSTRUCTION" missed="0" covered="3"/><counter type="LINE" missed="0" covered="1"/><counter type="COMPLEXITY" missed="0" covered="1"/><counter type="METHOD" missed="0" covered="1"/></method><counter type="INSTRUCTION" missed="0" covered="28"/><counter type="LINE" missed="0" covered="8"/><counter type="COMPLEXITY" missed="0" covered="3"/><counter type="METHOD" missed="0" covered="3"/><counter type="CLASS" missed="0" covered="1"/></class><class name="uk/ac/ed/inf/aqmaps/simulation/SensorDataCollectorFactory$CollectionOrderPlannerType" sourcefilename="SensorDataCollectorFactory.java"><method name="&lt;clinit&gt;" desc="()V" line="118"><counter type="INSTRUCTION" missed="0" covered="24"/><counter type="LINE" missed="0" covered="2"/><counter type="COMPLEXITY" missed="0" covered="1"/><counter type="METHOD" missed="0" covered="1"/></method><counter type="INSTRUCTION" missed="0" covered="24"/><counter type="LINE" missed="0" covered="2"/><counter type="COMPLEXITY" missed="0" covered="1"/><counter type="METHOD" missed="0" covered="1"/><counter type="CLASS" missed="0" covered="1"/></class><class name="uk/ac/ed/inf/aqmaps/simulation/SensorDataCollectorFactory$DistanceMatrixType" sourcefilename="SensorDataCollectorFactory.java"><method name="&lt;clinit&gt;" desc="()V" line="113"><counter type="INSTRUCTION" missed="0" covered="24"/><counter type="LINE" missed="0" covered="2"/><counter type="COMPLEXITY" missed="0" covered="1"/><counter type="METHOD" missed="0" covered="1"/></method><counter type="INSTRUCTION" missed="0" covered="24"/><counter type="LINE" missed="0" covered="2"/><counter type="COMPLEXITY" missed="0" covered="1"/><counter type="METHOD" missed="0" covered="1"/><counter type="CLASS" missed="0" covered="1"/></class><class name="uk/ac/ed/inf/aqmaps/simulation/Sensor" sourcefilename="Sensor.java"><method name="&lt;init&gt;" desc="(Lorg/locationtech/jts/geom/Coordinate;FFLjava/lang/String;)V" line="13"><counter type="INSTRUCTION" missed="0" covered="15"/><counter type="LINE" missed="0" covered="6"/><counter type="COMPLEXITY" missed="0" covered="1"/><counter type="METHOD" missed="0" covered="1"/></method><method name="equals" desc="(Ljava/lang/Object;)Z" line="22"><counter type="INSTRUCTION" missed="41" covered="5"/><counter type="BRANCH" missed="13" covered="1"/><counter type="LINE" missed="4" covered="2"/><counter type="COMPLEXITY" missed="7" covered="1"/><counter type="METHOD" missed="0" covered="1"/></method><method name="hashCode" desc="()I" line="33"><counter type="INSTRUCTION" missed="0" covered="32"/><counter type="LINE" missed="0" covered="1"/><counter type="COMPLEXITY" missed="0" covered="1"/><counter type="METHOD" missed="0" covered="1"/></method><method name="toString" desc="()Ljava/lang/String;" line="38"><counter type="INSTRUCTION" missed="12" covered="0"/><counter type="LINE" missed="6" covered="0"/><counter type="COMPLEXITY" missed="1" covered="0"/><counter type="METHOD" missed="1" covered="0"/></method><method name="setHaveBeenRead" desc="(Z)V" line="51"><counter type="INSTRUCTION" missed="0" covered="4"/><counter type="LINE" missed="0" covered="2"/><counter type="COMPLEXITY" missed="0" covered="1"/><counter type="METHOD" missed="0" covered="1"/></method><method name="getCoordinates" desc="()Lorg/locationtech/jts/geom/Coordinate;" line="58"><counter type="INSTRUCTION" missed="0" covered="3"/><counter type="LINE" missed="0" covered="1"/><counter type="COMPLEXITY" missed="0" covered="1"/><counter type="METHOD" missed="0" covered="1"/></method><method name="getReading" desc="()F" line="65"><counter type="INSTRUCTION" missed="1" covered="7"/><counter type="BRANCH" missed="1" covered="1"/><counter type="LINE" missed="0" covered="1"/><counter type="COMPLEXITY" missed="1" covered="1"/><counter type="METHOD" missed="0" covered="1"/></method><method name="getBatteryLevel" desc="()F" line="72"><counter type="INSTRUCTION" missed="1" covered="7"/><counter type="BRANCH" missed="1" covered="1"/><counter type="LINE" missed="0" covered="1"/><counter type="COMPLEXITY" missed="1" covered="1"/><counter type="METHOD" missed="0" covered="1"/></method><method name="hasBeenRead" desc="()Z" line="79"><counter type="INSTRUCTION" missed="0" covered="3"/><counter type="LINE" missed="0" covered="1"/><counter type="COMPLEXITY" missed="0" covered="1"/><counter type="METHOD" missed="0" covered="1"/></method><method name="getW3WLocation" desc="()Ljava/lang/String;" line="86"><counter type="INSTRUCTION" missed="0" covered="3"/><counter type="LINE" missed="0" covered="1"/><counter type="COMPLEXITY" missed="0" covered="1"/><counter type="METHOD" missed="0" covered="1"/></method><counter type="INSTRUCTION" missed="55" covered="79"/><counter type="BRANCH" missed="15" covered="3"/><counter type="LINE" missed="10" covered="16"/><counter type="COMPLEXITY" missed="10" covered="9"/><counter type="METHOD" missed="1" covered="9"/><counter type="CLASS" missed="0" covered="1"/></class><class name="uk/ac/ed/inf/aqmaps/simulation/SensorDataCollectorFactory$CollectorType" sourcefilename="SensorDataCollectorFactory.java"><method name="&lt;clinit&gt;" desc="()V" line="109"><counter type="INSTRUCTION" missed="0" covered="14"/><counter type="LINE" missed="0" covered="2"/><counter type="COMPLEXITY" missed="0" covered="1"/><counter type="METHOD" missed="0" covered="1"/></method><counter type="INSTRUCTION" missed="0" covered="14"/><counter type="LINE" missed="0" covered="2"/><counter type="COMPLEXITY" missed="0" covered="1"/><counter type="METHOD" missed="0" covered="1"/><counter type="CLASS" missed="0" covered="1"/></class><class name="uk/ac/ed/inf/aqmaps/simulation/SensorDataCollectorFactory$PathfindingHeuristicType" sourcefilename="SensorDataCollectorFactory.java"><method name="&lt;clinit&gt;" desc="()V" line="122"><counter type="INSTRUCTION" missed="0" covered="14"/><counter type="LINE" missed="0" covered="2"/><counter type="COMPLEXITY" missed="0" covered="1"/><counter type="METHOD" missed="0" covered="1"/></method><counter type="INSTRUCTION" missed="0" covered="14"/><counter type="LINE" missed="0" covered="2"/><counter type="COMPLEXITY" missed="0" covered="1"/><counter type="METHOD" missed="0" covered="1"/><counter type="CLASS" missed="0" covered="1"/></class><class name="uk/ac/ed/inf/aqmaps/simulation/SensorDataCollectorFactory" sourcefilename="SensorDataCollectorFactory.java"><method name="&lt;init&gt;" desc="()V" line="23"><counter type="INSTRUCTION" missed="0" covered="3"/><counter type="LINE" missed="0" covered="1"/><counter type="COMPLEXITY" missed="0" covered="1"/><counter type="METHOD" missed="0" covered="1"/></method><method name="createCollector" desc="(Luk/ac/ed/inf/aqmaps/simulation/planning/ConstrainedTreeGraph;DILuk/ac/ed/inf/aqmaps/simulation/SensorDataCollectorFactory$CollectorType;Luk/ac/ed/inf/aqmaps/simulation/SensorDataCollectorFactory$PathfindingHeuristicType;Luk/ac/ed/inf/aqmaps/simulation/SensorDataCollectorFactory$CollectionOrderPlannerType;Luk/ac/ed/inf/aqmaps/simulation/SensorDataCollectorFactory$DistanceMatrixType;)Luk/ac/ed/inf/aqmaps/simulation/collection/SensorDataCollector;" line="41"><counter type="INSTRUCTION" missed="0" covered="18"/><counter type="LINE" missed="0" covered="1"/><counter type="COMPLEXITY" missed="0" covered="1"/><counter type="METHOD" missed="0" covered="1"/></method><method name="createCollector" desc="(Luk/ac/ed/inf/aqmaps/simulation/planning/ConstrainedTreeGraph;DILuk/ac/ed/inf/aqmaps/simulation/SensorDataCollectorFactory$CollectorType;Luk/ac/ed/inf/aqmaps/simulation/SensorDataCollectorFactory$PathfindingHeuristicType;Luk/ac/ed/inf/aqmaps/simulation/SensorDataCollectorFactory$CollectionOrderPlannerType;Luk/ac/ed/inf/aqmaps/simulation/SensorDataCollectorFactory$DistanceMatrixType;FDD)Luk/ac/ed/inf/aqmaps/simulation/collection/SensorDataCollector;" line="70"><counter type="INSTRUCTION" missed="0" covered="85"/><counter type="BRANCH" missed="1" covered="4"/><counter type="LINE" missed="0" covered="17"/><counter type="COMPLEXITY" missed="1" covered="3"/><counter type="METHOD" missed="0" covered="1"/></method><counter type="INSTRUCTION" missed="0" covered="106"/><counter type="BRANCH" missed="1" covered="4"/><counter type="LINE" missed="0" covered="19"/><counter type="COMPLEXITY" missed="1" covered="5"/><counter type="METHOD" missed="0" covered="3"/><counter type="CLASS" missed="0" covered="1"/></class><sourcefile name="DirectedSearchNode.java"><line nr="26" mi="0" ci="5" mb="0" cb="0"/><line nr="27" mi="0" ci="3" mb="0" cb="0"/><line nr="28" mi="0" ci="1" mb="0" cb="0"/><line nr="44" mi="0" ci="6" mb="0" cb="0"/><line nr="45" mi="0" ci="3" mb="0" cb="0"/><line nr="46" mi="0" ci="1" mb="0" cb="0"/><line nr="49" mi="0" ci="3" mb="0" cb="0"/><line nr="52" mi="0" ci="6" mb="0" cb="0"/><counter type="INSTRUCTION" missed="0" covered="28"/><counter type="LINE" missed="0" covered="8"/><counter type="COMPLEXITY" missed="0" covered="3"/><counter type="METHOD" missed="0" covered="3"/><counter type="CLASS" missed="0" covered="1"/></sourcefile><sourcefile name="Sensor.java"><line nr="13" mi="0" ci="2" mb="0" cb="0"/><line nr="14" mi="0" ci="3" mb="0" cb="0"/><line nr="15" mi="0" ci="3" mb="0" cb="0"/><line nr="16" mi="0" ci="3" mb="0" cb="0"/><line nr="17" mi="0" ci="3" mb="0" cb="0"/><line nr="18" mi="0" ci="1" mb="0" cb="0"/><line nr="22" mi="0" ci="3" mb="1" cb="1"/><line nr="23" mi="0" ci="2" mb="0" cb="0"/><line nr="24" mi="3" ci="0" mb="2" cb="0"/><line nr="25" mi="2" ci="0" mb="0" cb="0"/><line nr="27" mi="3" ci="0" mb="0" cb="0"/><line nr="28" mi="33" ci="0" mb="10" cb="0"/><line nr="33" mi="0" ci="32" mb="0" cb="0"/><line nr="38" mi="2" ci="0" mb="0" cb="0"/><line nr="39" mi="2" ci="0" mb="0" cb="0"/><line nr="40" mi="2" ci="0" mb="0" cb="0"/><line nr="41" mi="2" ci="0" mb="0" cb="0"/><line nr="42" mi="2" ci="0" mb="0" cb="0"/><line nr="43" mi="2" ci="0" mb="0" cb="0"/><line nr="51" mi="0" ci="3" mb="0" cb="0"/><line nr="52" mi="0" ci="1" mb="0" cb="0"/><line nr="58" mi="0" ci="3" mb="0" cb="0"/><line nr="65" mi="1" ci="7" mb="1" cb="1"/><line nr="72" mi="1" ci="7" mb="1" cb="1"/><line nr="79" mi="0" ci="3" mb="0" cb="0"/><line nr="86" mi="0" ci="3" mb="0" cb="0"/><counter type="INSTRUCTION" missed="55" covered="79"/><counter type="BRANCH" missed="15" covered="3"/><counter type="LINE" missed="10" covered="16"/><counter type="COMPLEXITY" missed="10" covered="9"/><counter type="METHOD" missed="1" covered="9"/><counter type="CLASS" missed="0" covered="1"/></sourcefile><sourcefile name="SensorDataCollectorFactory.java"><line nr="23" mi="0" ci="3" mb="0" cb="0"/><line nr="41" mi="0" ci="18" mb="0" cb="0"/><line nr="70" mi="0" ci="4" mb="0" cb="0"/><line nr="72" mi="0" ci="5" mb="0" cb="0"/><line nr="75" mi="0" ci="10" mb="0" cb="0"/><line nr="80" mi="0" ci="7" mb="0" cb="0"/><line nr="86" mi="0" ci="3" mb="0" cb="2"/><line nr="87" mi="0" ci="4" mb="0" cb="0"/><line nr="88" mi="0" ci="6" mb="0" cb="0"/><line nr="90" mi="0" ci="2" mb="0" cb="0"/><line nr="91" mi="0" ci="4" mb="0" cb="0"/><line nr="93" mi="0" ci="5" mb="1" cb="2"/><line nr="95" mi="0" ci="7" mb="0" cb="0"/><line nr="96" mi="0" ci="6" mb="0" cb="0"/><line nr="97" mi="0" ci="1" mb="0" cb="0"/><line nr="99" mi="0" ci="7" mb="0" cb="0"/><line nr="100" mi="0" ci="6" mb="0" cb="0"/><line nr="104" mi="0" ci="6" mb="0" cb="0"/><line nr="106" mi="0" ci="2" mb="0" cb="0"/><line nr="109" mi="0" ci="8" mb="0" cb="0"/><line nr="110" mi="0" ci="6" mb="0" cb="0"/><line nr="113" mi="0" ci="12" mb="0" cb="0"/><line nr="114" mi="0" ci="12" mb="0" cb="0"/><line nr="118" mi="0" ci="12" mb="0" cb="0"/><line nr="119" mi="0" ci="12" mb="0" cb="0"/><line nr="122" mi="0" ci="8" mb="0" cb="0"/><line nr="123" mi="0" ci="6" mb="0" cb="0"/><counter type="INSTRUCTION" missed="0" covered="182"/><counter type="BRANCH" missed="1" covered="4"/><counter type="LINE" missed="0" covered="27"/><counter type="COMPLEXITY" missed="1" covered="9"/><counter type="METHOD" missed="0" covered="7"/><counter type="CLASS" missed="0" covered="5"/></sourcefile><sourcefile name="Building.java"><line nr="20" mi="0" ci="2" mb="0" cb="0"/><line nr="21" mi="0" ci="3" mb="0" cb="0"/><line nr="22" mi="0" ci="1" mb="0" cb="0"/><line nr="29" mi="0" ci="3" mb="0" cb="0"/><line nr="37" mi="0" ci="11" mb="0" cb="0"/><line nr="38" mi="0" ci="2" mb="0" cb="0"/><line nr="41" mi="0" ci="14" mb="1" cb="3"/><counter type="INSTRUCTION" missed="0" covered="36"/><counter type="BRANCH" missed="1" covered="3"/><counter type="LINE" missed="0" covered="7"/><counter type="COMPLEXITY" missed="1" covered="4"/><counter type="METHOD" missed="0" covered="3"/><counter type="CLASS" missed="0" covered="1"/></sourcefile><counter type="INSTRUCTION" missed="55" covered="325"/><counter type="BRANCH" missed="17" covered="10"/><counter type="LINE" missed="10" covered="58"/><counter type="COMPLEXITY" missed="12" covered="25"/><counter type="METHOD" missed="1" covered="22"/><counter type="CLASS" missed="0" covered="8"/></package><package name="uk/ac/ed/inf/aqmaps/pathfinding"><class name="uk/ac/ed/inf/aqmaps/pathfinding/Obstacle" sourcefilename="Obstacle.java"/><class name="uk/ac/ed/inf/aqmaps/pathfinding/PathfindingAlgorithm" sourcefilename="PathfindingAlgorithm.java"><method name="&lt;init&gt;" desc="()V" line="14"><counter type="INSTRUCTION" missed="0" covered="3"/><counter type="LINE" missed="0" covered="1"/><counter type="COMPLEXITY" missed="0" covered="1"/><counter type="METHOD" missed="0" covered="1"/></method><method name="findPath" desc="(Luk/ac/ed/inf/aqmaps/pathfinding/SearchGraph;Ljava/util/Deque;Luk/ac/ed/inf/aqmaps/pathfinding/SearchNode;D)Ljava/util/Deque;" line="48"><counter type="INSTRUCTION" missed="0" covered="45"/><counter type="BRANCH" missed="0" covered="4"/><counter type="LINE" missed="0" covered="12"/><counter type="COMPLEXITY" missed="0" covered="3"/><counter type="METHOD" missed="0" covered="1"/></method><method name="isAtGoal" desc="(DLuk/ac/ed/inf/aqmaps/pathfinding/SearchNode;Luk/ac/ed/inf/aqmaps/pathfinding/goals/PathfindingGoal;)Z" line="89"><counter type="INSTRUCTION" missed="0" covered="12"/><counter type="BRANCH" missed="0" covered="2"/><counter type="LINE" missed="0" covered="1"/><counter type="COMPLEXITY" missed="0" covered="2"/><counter type="METHOD" missed="0" covered="1"/></method><method name="reconstructPathUpToIncluding" desc="(Luk/ac/ed/inf/aqmaps/pathfinding/SearchNode;Ljava/util/Deque;Luk/ac/ed/inf/aqmaps/pathfinding/SearchNode;)V" line="101"><counter type="INSTRUCTION" missed="0" covered="31"/><counter type="BRANCH" missed="1" covered="5"/><counter type="LINE" missed="0" covered="10"/><counter type="COMPLEXITY" missed="1" covered="3"/><counter type="METHOD" missed="0" covered="1"/></method><counter type="INSTRUCTION" missed="0" covered="91"/><counter type="BRANCH" missed="1" covered="11"/><counter type="LINE" missed="0" covered="24"/><counter type="COMPLEXITY" missed="1" covered="9"/><counter type="METHOD" missed="0" covered="4"/><counter type="CLASS" missed="0" covered="1"/></class><class name="uk/ac/ed/inf/aqmaps/pathfinding/SearchNode" sourcefilename="SearchNode.java"><method name="&lt;init&gt;" desc="(Lorg/locationtech/jts/geom/Coordinate;Luk/ac/ed/inf/aqmaps/pathfinding/SearchNode;D)V" line="25"><counter type="INSTRUCTION" missed="0" covered="26"/><counter type="LINE" missed="0" covered="9"/><counter type="COMPLEXITY" missed="0" covered="1"/><counter type="METHOD" missed="0" covered="1"/></method><method name="&lt;init&gt;" desc="(Lorg/locationtech/jts/geom/Coordinate;Luk/ac/ed/inf/aqmaps/pathfinding/SearchNode;DD)V" line="42"><counter type="INSTRUCTION" missed="0" covered="29"/><counter type="LINE" missed="0" covered="10"/><counter type="COMPLEXITY" missed="0" covered="1"/><counter type="METHOD" missed="0" covered="1"/></method><method name="getGoalsReached" desc="()Ljava/util/Deque;" line="54"><counter type="INSTRUCTION" missed="0" covered="3"/><counter type="LINE" missed="0" covered="1"/><counter type="COMPLEXITY" missed="0" covered="1"/><counter type="METHOD" missed="0" covered="1"/></method><method name="setGoalsReached" desc="(Ljava/util/Deque;)V" line="62"><counter type="INSTRUCTION" missed="4" covered="0"/><counter type="LINE" missed="2" covered="0"/><counter type="COMPLEXITY" missed="1" covered="0"/><counter type="METHOD" missed="1" covered="0"/></method><method name="addGoalReached" desc="(Luk/ac/ed/inf/aqmaps/pathfinding/goals/PathfindingGoal;)V" line="70"><counter type="INSTRUCTION" missed="0" covered="6"/><counter type="LINE" missed="0" covered="2"/><counter type="COMPLEXITY" missed="0" covered="1"/><counter type="METHOD" missed="0" covered="1"/></method><method name="getNumberOfGoalsReached" desc="()I" line="74"><counter type="INSTRUCTION" missed="0" covered="4"/><counter type="LINE" missed="0" covered="1"/><counter type="COMPLEXITY" missed="0" covered="1"/><counter type="METHOD" missed="0" covered="1"/></method><method name="removeGoalReached" desc="(Luk/ac/ed/inf/aqmaps/pathfinding/goals/PathfindingGoal;)V" line="82"><counter type="INSTRUCTION" missed="0" covered="6"/><counter type="LINE" missed="0" covered="2"/><counter type="COMPLEXITY" missed="0" covered="1"/><counter type="METHOD" missed="0" covered="1"/></method><method name="getHeuristic" desc="()D" line="89"><counter type="INSTRUCTION" missed="0" covered="3"/><counter type="LINE" missed="0" covered="1"/><counter type="COMPLEXITY" missed="0" covered="1"/><counter type="METHOD" missed="0" covered="1"/></method><method name="getCoordinates" desc="()Lorg/locationtech/jts/geom/Coordinate;" line="96"><counter type="INSTRUCTION" missed="0" covered="3"/><counter type="LINE" missed="0" covered="1"/><counter type="COMPLEXITY" missed="0" covered="1"/><counter type="METHOD" missed="0" covered="1"/></method><method name="setHeuristic" desc="(D)V" line="104"><counter type="INSTRUCTION" missed="0" covered="4"/><counter type="LINE" missed="0" covered="2"/><counter type="COMPLEXITY" missed="0" covered="1"/><counter type="METHOD" missed="0" covered="1"/></method><method name="getCost" desc="()D" line="112"><counter type="INSTRUCTION" missed="0" covered="3"/><counter type="LINE" missed="0" covered="1"/><counter type="COMPLEXITY" missed="0" covered="1"/><counter type="METHOD" missed="0" covered="1"/></method><method name="getParentNode" desc="()Luk/ac/ed/inf/aqmaps/pathfinding/SearchNode;" line="120"><counter type="INSTRUCTION" missed="0" covered="3"/><counter type="LINE" missed="0" covered="1"/><counter type="COMPLEXITY" missed="0" covered="1"/><counter type="METHOD" missed="0" covered="1"/></method><method name="hashCode" desc="()I" line="125"><counter type="INSTRUCTION" missed="9" covered="0"/><counter type="LINE" missed="1" covered="0"/><counter type="COMPLEXITY" missed="1" covered="0"/><counter type="METHOD" missed="1" covered="0"/></method><method name="toString" desc="()Ljava/lang/String;" line="130"><counter type="INSTRUCTION" missed="9" covered="0"/><counter type="LINE" missed="3" covered="0"/><counter type="COMPLEXITY" missed="1" covered="0"/><counter type="METHOD" missed="1" covered="0"/></method><counter type="INSTRUCTION" missed="22" covered="90"/><counter type="LINE" missed="6" covered="27"/><counter type="COMPLEXITY" missed="3" covered="11"/><counter type="METHOD" missed="3" covered="11"/><counter type="CLASS" missed="0" covered="1"/></class><class name="uk/ac/ed/inf/aqmaps/pathfinding/SearchGraph" sourcefilename="SearchGraph.java"/><class name="uk/ac/ed/inf/aqmaps/pathfinding/AstarTreeSearch" sourcefilename="AstarTreeSearch.java"><method name="&lt;init&gt;" desc="(Luk/ac/ed/inf/aqmaps/pathfinding/heuristics/PathfindingHeuristic;Luk/ac/ed/inf/aqmaps/pathfinding/hashing/SpatialHash;)V" line="24"><counter type="INSTRUCTION" missed="0" covered="9"/><counter type="LINE" missed="0" covered="4"/><counter type="COMPLEXITY" missed="0" covered="1"/><counter type="METHOD" missed="0" covered="1"/></method><method name="findPath" desc="(Luk/ac/ed/inf/aqmaps/pathfinding/SearchGraph;Luk/ac/ed/inf/aqmaps/pathfinding/goals/PathfindingGoal;Luk/ac/ed/inf/aqmaps/pathfinding/SearchNode;DLjava/util/Deque;)V" line="38"><counter type="INSTRUCTION" missed="0" covered="91"/><counter type="BRANCH" missed="0" covered="8"/><counter type="LINE" missed="0" covered="21"/><counter type="COMPLEXITY" missed="0" covered="5"/><counter type="METHOD" missed="0" covered="1"/></method><method name="compareNodes" desc="(Luk/ac/ed/inf/aqmaps/pathfinding/SearchNode;Luk/ac/ed/inf/aqmaps/pathfinding/SearchNode;)I" line="96"><counter type="INSTRUCTION" missed="0" covered="26"/><counter type="BRANCH" missed="0" covered="2"/><counter type="LINE" missed="0" covered="4"/><counter type="COMPLEXITY" missed="0" covered="2"/><counter type="METHOD" missed="0" covered="1"/></method><method name="lambda$findPath$0" desc="(Luk/ac/ed/inf/aqmaps/pathfinding/SearchNode;Luk/ac/ed/inf/aqmaps/pathfinding/SearchNode;)I" line="38"><counter type="INSTRUCTION" missed="0" covered="5"/><counter type="LINE" missed="0" covered="1"/><counter type="COMPLEXITY" missed="0" covered="1"/><counter type="METHOD" missed="0" covered="1"/></method><counter type="INSTRUCTION" missed="0" covered="131"/><counter type="BRANCH" missed="0" covered="10"/><counter type="LINE" missed="0" covered="29"/><counter type="COMPLEXITY" missed="0" covered="9"/><counter type="METHOD" missed="0" covered="4"/><counter type="CLASS" missed="0" covered="1"/></class><sourcefile name="SearchGraph.java"/><sourcefile name="PathfindingAlgorithm.java"><line nr="14" mi="0" ci="3" mb="0" cb="0"/><line nr="48" mi="0" ci="2" mb="0" cb="0"/><line nr="49" mi="0" ci="4" mb="0" cb="0"/><line nr="51" mi="0" ci="2" mb="0" cb="0"/><line nr="52" mi="0" ci="10" mb="0" cb="2"/><line nr="56" mi="0" ci="7" mb="0" cb="0"/><line nr="59" mi="0" ci="4" mb="0" cb="2"/><line nr="62" mi="0" ci="2" mb="0" cb="0"/><line nr="64" mi="0" ci="4" mb="0" cb="0"/><line nr="65" mi="0" ci="3" mb="0" cb="0"/><line nr="69" mi="0" ci="1" mb="0" cb="0"/><line nr="73" mi="0" ci="4" mb="0" cb="0"/><line nr="76" mi="0" ci="2" mb="0" cb="0"/><line nr="89" mi="0" ci="12" mb="0" cb="2"/><line nr="101" mi="0" ci="4" mb="0" cb="0"/><line nr="102" mi="0" ci="2" mb="0" cb="0"/><line nr="104" mi="0" ci="2" mb="1" cb="1"/><line nr="105" mi="0" ci="4" mb="0" cb="0"/><line nr="107" mi="0" ci="3" mb="0" cb="2"/><line nr="108" mi="0" ci="1" mb="0" cb="0"/><line nr="110" mi="0" ci="4" mb="0" cb="0"/><line nr="113" mi="0" ci="3" mb="0" cb="2"/><line nr="114" mi="0" ci="7" mb="0" cb="0"/><line nr="116" mi="0" ci="1" mb="0" cb="0"/><counter type="INSTRUCTION" missed="0" covered="91"/><counter type="BRANCH" missed="1" covered="11"/><counter type="LINE" missed="0" covered="24"/><counter type="COMPLEXITY" missed="1" covered="9"/><counter type="METHOD" missed="0" covered="4"/><counter type="CLASS" missed="0" covered="1"/></sourcefile><sourcefile name="Obstacle.java"/><sourcefile name="AstarTreeSearch.java"><line nr="24" mi="0" ci="2" mb="0" cb="0"/><line nr="25" mi="0" ci="3" mb="0" cb="0"/><line nr="26" mi="0" ci="3" mb="0" cb="0"/><line nr="27" mi="0" ci="1" mb="0" cb="0"/><line nr="38" mi="0" ci="12" mb="0" cb="0"/><line nr="42" mi="0" ci="4" mb="0" cb="0"/><line nr="43" mi="0" ci="9" mb="0" cb="0"/><line nr="46" mi="0" ci="4" mb="0" cb="0"/><line nr="50" mi="0" ci="3" mb="0" cb="2"/><line nr="54" mi="0" ci="4" mb="0" cb="0"/><line nr="58" mi="0" ci="6" mb="0" cb="2"/><line nr="60" mi="0" ci="3" mb="0" cb="0"/><line nr="61" mi="0" ci="5" mb="0" cb="0"/><line nr="63" mi="0" ci="1" mb="0" cb="0"/><line nr="66" mi="0" ci="4" mb="0" cb="0"/><line nr="69" mi="0" ci="10" mb="0" cb="2"/><line nr="71" mi="0" ci="6" mb="0" cb="0"/><line nr="72" mi="0" ci="5" mb="0" cb="2"/><line nr="73" mi="0" ci="1" mb="0" cb="0"/><line nr="75" mi="0" ci="7" mb="0" cb="0"/><line nr="77" mi="0" ci="5" mb="0" cb="0"/><line nr="79" mi="0" ci="4" mb="0" cb="0"/><line nr="80" mi="0" ci="1" mb="0" cb="0"/><line nr="81" mi="0" ci="1" mb="0" cb="0"/><line nr="84" mi="0" ci="1" mb="0" cb="0"/><line nr="96" mi="0" ci="14" mb="0" cb="0"/><line nr="101" mi="0" ci="2" mb="0" cb="2"/><line nr="104" mi="0" ci="8" mb="0" cb="0"/><line nr="106" mi="0" ci="2" mb="0" cb="0"/><counter type="INSTRUCTION" missed="0" covered="131"/><counter type="BRANCH" missed="0" covered="10"/><counter type="LINE" missed="0" covered="29"/><counter type="COMPLEXITY" missed="0" covered="9"/><counter type="METHOD" missed="0" covered
[...]
<class name="uk/ac/ed/inf/aqmaps/pathfinding/heuristics/StraightLineDistance" sourcefilename="StraightLineDistance.java"><method name="&lt;init&gt;" desc="()V" line="14"><counter type="INSTRUCTION" missed="0" covered="6"/><counter type="LINE" missed="0" covered="3"/><counter type="COMPLEXITY" missed="0" covered="1"/><counter type="METHOD" missed="0" covered="1"/></method><method name="&lt;init&gt;" desc="(D)V" line="22"><counter type="INSTRUCTION" missed="4" covered="15"/><counter type="BRANCH" missed="2" covered="2"/><counter type="LINE" missed="0" covered="5"/><counter type="COMPLEXITY" missed="2" covered="1"/><counter type="METHOD" missed="0" covered="1"/></method><method name="heuristic" desc="(Luk/ac/ed/inf/aqmaps/pathfinding/SearchNode;Luk/ac/ed/inf/aqmaps/pathfinding/goals/PathfindingGoal;)D" line="32"><counter type="INSTRUCTION" missed="0" covered="9"/><counter type="LINE" missed="0" covered="1"/><counter type="COMPLEXITY" missed="0" covered="1"/><counter type="METHOD" missed="0" covered="1"/></method><method name="&lt;clinit&gt;" desc="()V" line="9"><counter type="INSTRUCTION" missed="2" covered="6"/><counter type="BRANCH" missed="1" covered="1"/><counter type="LINE" missed="0" covered="1"/><counter type="COMPLEXITY" missed="1" covered="1"/><counter type="METHOD" missed="0" covered="1"/></method><counter type="INSTRUCTION" missed="6" covered="36"/><counter type="BRANCH" missed="3" covered="3"/><counter type="LINE" missed="0" covered="9"/><counter type="COMPLEXITY" missed="3" covered="4"/><counter type="METHOD" missed="0" covered="4"/><counter type="CLASS" missed="0" covered="1"/></class><sourcefile name="StraightLineDistance.java"><line nr="9" mi="2" ci="6" mb="1" cb="1"/><line nr="14" mi="0" ci="2" mb="0" cb="0"/><line nr="15" mi="0" ci="1" mb="0" cb="0"/><line nr="22" mi="0" ci="2" mb="0" cb="0"/><line nr="23" mi="4" ci="6" mb="2" cb="2"/><line nr="24" mi="0" ci="3" mb="0" cb="0"/><line nr="25" mi="0" ci="1" mb="0" cb="0"/><line nr="32" mi="0" ci="9" mb="0" cb="0"/><line nr="39" mi="0" ci="6" mb="0" cb="0"/><counter type="INSTRUCTION" missed="6" covered="36"/><counter type="BRANCH" missed="3" covered="3"/><counter type="LINE" missed="0" covered="9"/><counter type="COMPLEXITY" missed="3" covered="4"/><counter type="METHOD" missed="0" covered="4"/><counter type="CLASS" missed="0" covered="1"/></sourcefile><sourcefile name="PathfindingHeuristic.java"/><counter type="INSTRUCTION" missed="6" covered="36"/><counter type="BRANCH" missed="3" covered="3"/><counter type="LINE" missed="0" covered="9"/><counter type="COMPLEXITY" missed="3" covered="4"/><counter type="METHOD" missed="0" covered="4"/><counter type="CLASS" missed="0" covered="1"/></package><package name="uk/ac/ed/inf/aqmaps/visualisation"><class name="uk/ac/ed/inf/aqmaps/visualisation/MarkerSymbol$4" sourcefilename="MarkerSymbol.java"><method name="&lt;init&gt;" desc="(Ljava/lang/String;I)V" line="22"><counter type="INSTRUCTION" missed="0" covered="5"/><counter type="LINE" missed="0" covered="1"/><counter type="COMPLEXITY" missed="0" covered="1"/><counter type="METHOD" missed="0" covered="1"/></method><method name="toString" desc="()Ljava/lang/String;" line="24"><counter type="INSTRUCTION" missed="2" covered="0"/><counter type="LINE" missed="1" covered="0"/><counter type="COMPLEXITY" missed="1" covered="0"/><counter type="METHOD" missed="1" covered="0"/></method><counter type="INSTRUCTION" missed="2" covered="5"/><counter type="LINE" missed="1" covered="1"/><counter type="COMPLEXITY" missed="1" covered="1"/><counter type="METHOD" missed="1" covered="1"/><counter type="CLASS" missed="0" covered="1"/></class><class name="uk/ac/ed/inf/aqmaps/visualisation/MarkerSymbol$3" sourcefilename="MarkerSymbol.java"><method name="&lt;init&gt;" desc="(Ljava/lang/String;I)V" line="17"><counter type="INSTRUCTION" missed="0" covered="5"/><counter type="LINE" missed="0" covered="1"/><counter type="COMPLEXITY" missed="0" covered="1"/><counter type="METHOD" missed="0" covered="1"/></method><method name="toString" desc="()Ljava/lang/String;" line="19"><counter type="INSTRUCTION" missed="0" covered="2"/><counter type="LINE" missed="0" covered="1"/><counter type="COMPLEXITY" missed="0" covered="1"/><counter type="METHOD" missed="0" covered="1"/></method><counter type="INSTRUCTION" missed="0" covered="7"/><counter type="LINE" missed="0" covered="2"/><counter type="COMPLEXITY" missed="0" covered="2"/><counter type="METHOD" missed="0" covered="2"/><counter type="CLASS" missed="0" covered="1"/></class><class name="uk/ac/ed/inf/aqmaps/visualisation/MarkerSymbol$2" sourcefilename="MarkerSymbol.java"><method name="&lt;init&gt;" desc="(Ljava/lang/String;I)V" line="12"><counter type="INSTRUCTION" missed="0" covered="5"/><counter type="LINE" missed="0" covered="1"/><counter type="COMPLEXITY" missed="0" covered="1"/><counter type="METHOD" missed="0" covered="1"/></method><method name="toString" desc="()Ljava/lang/String;" line="14"><counter type="INSTRUCTION" missed="0" covered="2"/><counter type="LINE" missed="0" covered="1"/><counter type="COMPLEXITY" missed="0" covered="1"/><counter type="METHOD" missed="0" covered="1"/></method><counter type="INSTRUCTION" missed="0" covered="7"/><counter type="LINE" missed="0" covered="2"/><counter type="COMPLEXITY" missed="0" covered="2"/><counter type="METHOD" missed="0" covered="2"/><counter type="CLASS" missed="0" covered="1"/></class><class name="uk/ac/ed/inf/aqmaps/visualisation/MarkerSymbol$1" sourcefilename="MarkerSymbol.java"><method name="&lt;init&gt;" desc="(Ljava/lang/String;I)V" line="7"><counter type="INSTRUCTION" missed="0" covered="5"/><counter type="LINE" missed="0" covered="1"/><counter type="COMPLEXITY" missed="0" covered="1"/><counter type="METHOD" missed="0" covered="1"/></method><method name="toString" desc="()Ljava/lang/String;" line="9"><counter type="INSTRUCTION" missed="0" covered="2"/><counter type="LINE" missed="0" covered="1"/><counter type="COMPLEXITY" missed="0" covered="1"/><counter type="METHOD" missed="0" covered="1"/></method><counter type="INSTRUCTION" missed="0" covered="7"/><counter type="LINE" missed="0" covered="2"/><counter type="COMPLEXITY" missed="0" covered="2"/><counter type="METHOD" missed="0" covered="2"/><counter type="CLASS" missed="0" covered="1"/></class><class name="uk/ac/ed/inf/aqmaps/visualisation/AttributeMap" sourcefilename="AttributeMap.java"/><class name="uk/ac/ed/inf/aqmaps/visualisation/SensorReadingMarkerSymbolMap" sourcefilename="SensorReadingMarkerSymbolMap.java"><method name="&lt;init&gt;" desc="(Ljava/lang/Float;Ljava/lang/Float;[Luk/ac/ed/inf/aqmaps/visualisation/MarkerSymbol;)V" line="15"><counter type="INSTRUCTION" missed="0" covered="12"/><counter type="LINE" missed="0" covered="5"/><counter type="COMPLEXITY" missed="0" covered="1"/><counter type="METHOD" missed="0" covered="1"/></method><method name="getFor" desc="(Ljava/lang/Float;)Luk/ac/ed/inf/aqmaps/visualisation/MarkerSymbol;" line="27"><counter type="INSTRUCTION" missed="0" covered="47"/><counter type="BRANCH" missed="0" covered="4"/><counter type="LINE" missed="0" covered="5"/><counter type="COMPLEXITY" missed="0" covered="3"/><counter type="METHOD" missed="0" covered="1"/></method><counter type="INSTRUCTION" missed="0" covered="59"/><counter type="BRANCH" missed="0" covered="4"/><counter type="LINE" missed="0" covered="10"/><counter type="COMPLEXITY" missed="0" covered="4"/><counter type="METHOD" missed="0" covered="2"/><counter type="CLASS" missed="0" covered="1"/></class><class name="uk/ac/ed/inf/aqmaps/visualisation/OutputFormatter" sourcefilename="OutputFormatter.java"><method name="&lt;init&gt;" desc="()V" line="18"><counter type="INSTRUCTION" missed="3" covered="0"/><counter type="LINE" missed="1" covered="0"/><counter type="COMPLEXITY" missed="1" covered="0"/><counter type="METHOD" missed="1" covered="0"/></method><method name="writePath" desc="(Ljava/util/Deque;Ljava/io/OutputStream;)V" line="29"><counter type="INSTRUCTION" missed="0" covered="105"/><counter type="BRANCH" missed="0" covered="6"/><counter type="LINE" missed="0" covered="18"/><counter type="COMPLEXITY" missed="0" covered="4"/><counter type="METHOD" missed="0" covered="1"/></method><method name="writeReadingsMap" desc="(Lcom/mapbox/geojson/FeatureCollection;Ljava/io/OutputStream;)V" line="77"><counter type="INSTRUCTION" missed="0" covered="10"/><counter type="LINE" missed="0" covered="3"/><counter type="COMPLEXITY" missed="0" covered="1"/><counter type="METHOD" missed="0" covered="1"/></method><counter type="INSTRUCTION" missed="3" covered="115"/><counter type="BRANCH" missed="0" covered="6"/><counter type="LINE" missed="1" covered="21"/><counter type="COMPLEXITY" missed="1" covered="5"/><counter type="METHOD" missed="1" covered="2"/><counter type="CLASS" missed="0" covered="1"/></class><class name="uk/ac/ed/inf/aqmaps/visualisation/SensorReadingColourMap" sourcefilename="SensorReadingColourMap.java"><method name="&lt;init&gt;" desc="(Ljava/lang/Float;Ljava/lang/Float;[Ljava/lang/String;)V" line="16"><counter type="INSTRUCTION" missed="0" covered="12"/><counter type="LINE" missed="0" covered="5"/><counter type="COMPLEXITY" missed="0" covered="1"/><counter type="METHOD" missed="0" covered="1"/></method><method name="getFor" desc="(Ljava/lang/Float;)Ljava/lang/String;" line="27"><counter type="INSTRUCTION" missed="0" covered="47"/><counter type="BRANCH" missed="0" covered="4"/><counter type="LINE" missed="0" covered="5"/><counter type="COMPLEXITY" missed="0" covered="3"/><counter type="METHOD" missed="0" covered="1"/></method><counter type="INSTRUCTION" missed="0" covered="59"/><counter type="BRANCH" missed="0" covered="4"/><counter type="LINE" missed="0" covered="10"/><counter type="COMPLEXITY" missed="0" covered="4"/><counter type="METHOD" missed="0" covered="2"/><counter type="CLASS" missed="0" covered="1"/></class><class name="uk/ac/ed/inf/aqmaps/visualisation/MarkerSymbol" sourcefilename="MarkerSymbol.java"><method name="&lt;clinit&gt;" desc="()V" line="6"><counter type="INSTRUCTION" missed="0" covered="44"/><counter type="LINE" missed="0" covered="5"/><counter type="COMPLEXITY" missed="0" covered="1"/><counter type="METHOD" missed="0" covered="1"/></method><counter type="INSTRUCTION" missed="0" covered="44"/><counter type="LINE" missed="0" covered="5"/><counter type="COMPLEXITY" missed="0" covered="1"/><counter type="METHOD" missed="0" covered="1"/><counter type="CLASS" missed="0" covered="1"/></class><class name="uk/ac/ed/inf/aqmaps/visualisation/AQMapGenerator" sourcefilename="AQMapGenerator.java"><method name="&lt;init&gt;" desc="(Luk/ac/ed/inf/aqmaps/visualisation/AttributeMap;Luk/ac/ed/inf/aqmaps/visualisation/AttributeMap;)V" line="28"><counter type="INSTRUCTION" missed="0" covered="21"/><counter type="LINE" missed="0" covered="8"/><counter type="COMPLEXITY" missed="0" covered="1"/><counter type="METHOD" missed="0" covered="1"/></method><method name="&lt;init&gt;" desc="(Luk/ac/ed/inf/aqmaps/visualisation/AttributeMap;Luk/ac/ed/inf/aqmaps/visualisation/AttributeMap;Ljava/lang/String;Luk/ac/ed/inf/aqmaps/visualisation/MarkerSymbol;Ljava/lang/String;Luk/ac/ed/inf/aqmaps/visualisation/MarkerSymbol;)V" line="44"><counter type="INSTRUCTION" missed="0" covered="33"/><counter type="LINE" missed="0" covered="12"/><counter type="COMPLEXITY" missed="0" covered="1"/><counter type="METHOD" missed="0" covered="1"/></method><method name="plotMap" desc="(Ljava/util/Deque;Ljava/util/Collection;)Lcom/mapbox/geojson/FeatureCollection;" line="57"><counter type="INSTRUCTION" missed="0" covered="67"/><counter type="BRANCH" missed="0" covered="6"/><counter type="LINE" missed="0" covered="20"/><counter type="COMPLEXITY" missed="0" covered="4"/><counter type="METHOD" missed="0" covered="1"/></method><method name="createMarker" desc="(Luk/ac/ed/inf/aqmaps/simulation/Sensor;)Lcom/mapbox/geojson/Feature;" line="109"><counter type="INSTRUCTION" missed="4" covered="80"/><counter type="BRANCH" missed="2" covered="8"/><counter type="LINE" missed="0" covered="21"/><counter type="COMPLEXITY" missed="2" covered="4"/><counter type="METHOD" missed="0" covered="1"/></method><method name="&lt;clinit&gt;" desc="()V" line="21"><counter type="INSTRUCTION" missed="2" covered="6"/><counter type="BRANCH" missed="1" covered="1"/><counter type="LINE" missed="0" covered="1"/><counter type="COMPLEXITY" missed="1" covered="1"/><counter type="METHOD" missed="0" covered="1"/></method><counter type="INSTRUCTION" missed="6" covered="207"/><counter type="BRANCH" missed="3" covered="15"/><counter type="LINE" missed="0" covered="58"/><counter type="COMPLEXITY" missed="3" covered="11"/><counter type="METHOD" missed="0" covered="5"/><counter type="CLASS" missed="0" covered="1"/></class><class name="uk/ac/ed/inf/aqmaps/visualisation/SensorCollectionVisualiser" sourcefilename="SensorCollectionVisualiser.java"/><sourcefile name="AttributeMap.java"/><sourcefile name="SensorReadingMarkerSymbolMap.java"><line nr="15" mi="0" ci="2" mb="0" cb="0"/><line nr="16" mi="0" ci="3" mb="0" cb="0"/><line nr="17" mi="0" ci="3" mb="0" cb="0"/><line nr="18" mi="0" ci="3" mb="0" cb="0"/><line nr="19" mi="0" ci="1" mb="0" cb="0"/><line nr="27" mi="0" ci="14" mb="0" cb="4"/><line nr="28" mi="0" ci="5" mb="0" cb="0"/><line nr="33" mi="0" ci="14" mb="0" cb="0"/><line nr="34" mi="0" ci="9" mb="0" cb="0"/><line nr="36" mi="0" ci="5" mb="0" cb="0"/><counter type="INSTRUCTION" missed="0" covered="59"/><counter type="BRANCH" missed="0" covered="4"/><counter type="LINE" missed="0" covered="10"/><counter type="COMPLEXITY" missed="0" covered="4"/><counter type="METHOD" missed="0" covered="2"/><counter type="CLASS" missed="0" covered="1"/></sourcefile><sourcefile name="MarkerSymbol.java"><line nr="6" mi="0" ci="20" mb="0" cb="0"/><line nr="7" mi="0" ci="11" mb="0" cb="0"/><line nr="9" mi="0" ci="2" mb="0" cb="0"/><line nr="12" mi="0" ci="11" mb="0" cb="0"/><line nr="14" mi="0" ci="2" mb="0" cb="0"/><line nr="17" mi="0" ci="11" mb="0" cb="0"/><line nr="19" mi="0" ci="2" mb="0" cb="0"/><line nr="22" mi="0" ci="11" mb="0" cb="0"/><line nr="24" mi="2" ci="0" mb="0" cb="0"/><counter type="INSTRUCTION" missed="2" covered="70"/><counter type="LINE" missed="1" covered="8"/><counter type="COMPLEXITY" missed="1" covered="8"/><counter type="METHOD" missed="1" covered="8"/><counter type="CLASS" missed="0" covered="5"/></sourcefile><sourcefile name="OutputFormatter.java"><line nr="18" mi="3" ci="0" mb="0" cb="0"/><line nr="29" mi="0" ci="5" mb="0" cb="0"/><line nr="32" mi="0" ci="3" mb="0" cb="0"/><line nr="35" mi="0" ci="10" mb="0" cb="2"/><line nr="38" mi="0" ci="3" mb="0" cb="0"/><line nr="39" mi="0" ci="12" mb="0" cb="0"/><line nr="40" mi="0" ci="12" mb="0" cb="0"/><line nr="43" mi="0" ci="3" mb="0" cb="0"/><line nr="44" mi="0" ci="11" mb="0" cb="0"/><line nr="47" mi="0" ci="3" mb="0" cb="0"/><line nr="48" mi="0" ci="12" mb="0" cb="0"/><line nr="49" mi="0" ci="12" mb="0" cb="0"/><line nr="52" mi="0" ci="3" mb="0" cb="0"/><line nr="53" mi="0" ci="8" mb="0" cb="2"/><line nr="56" mi="0" ci="1" mb="0" cb="0"/><line nr="59" mi="0" ci="2" mb="0" cb="2"/><line nr="60" mi="0" ci="3" mb="0" cb="0"/><line nr="62" mi="0" ci="1" mb="0" cb="0"/><line nr="66" mi="0" ci="1" mb="0" cb="0"/><line nr="77" mi="0" ci="5" mb="0" cb="0"/><line nr="80" mi="0" ci="4" mb="0" cb="0"/><line nr="84" mi="0" ci="1" mb="0" cb="0"/><counter type="INSTRUCTION" missed="3" covered="115"/><counter type="BRANCH" missed="0" covered="6"/><counter type="LINE" missed="1" covered="21"/><counter type="COMPLEXITY" missed="1" covered="5"/><counter type="METHOD" missed="1" covered="2"/><counter type="CLASS" missed="0" covered="1"/></sourcefile><sourcefile name="AQMapGenerator.java"><line nr="21" mi="2" ci="6" mb="1" cb="1"/><line nr="28" mi="0" ci="2" mb="0" cb="0"/><line nr="29" mi="0" ci="3" mb="0" cb="0"/><line nr="30" mi="0" ci="3" mb="0" cb="0"/><line nr="31" mi="0" ci="1" mb="0" cb="0"/><line nr="44" mi="0" ci="2" mb="0" cb="0"/><line nr="45" mi="0" ci="3" mb="0" cb="0"/><line nr="46" mi="0" ci="3" mb="0" cb="0"/><line nr="47" mi="0" ci="3" mb="0" cb="0"/><line nr="48" mi="0" ci="3" mb="0" cb="0"/><line nr="49" mi="0" ci="3" mb="0" cb="0"/><line nr="50" mi="0" ci="3" mb="0" cb="0"/><line nr="51" mi="0" ci="1" mb="0" cb="0"/><line nr="57" mi="0" ci="4" mb="0" cb="0"/><line nr="58" mi="0" ci="4" mb="0" cb="0"/><line nr="59" mi="0" ci="3" mb="0" cb="0"/><line nr="66" mi="0" ci="10" mb="0" cb="2"/><line nr="69" mi="0" ci="3" mb="0" cb="0"/><line nr="71" mi="0" ci="4" mb="0" cb="0"/><line nr="72" mi="0" ci="1" mb="0" cb="0"/><line nr="76" mi="0" ci="1" mb="0" cb="0"/><line nr="80" mi="0" ci="3" mb="0" cb="0"/><line nr="82" mi="0" ci="2" mb="0" cb="2"/><line nr="83" mi="0" ci="4" mb="0" cb="0"/><line nr="84" mi="0" ci="1" mb="0" cb="0"/><line nr="86" mi="0" ci="1" mb="0" cb="0"/><line nr="90" mi="0" ci="4" mb="0" cb="0"/><line nr="91" mi="0" ci="1" mb="0" cb="0"/><line nr="92" mi="0" ci="1" mb="0" cb="0"/><line nr="97" mi="0" ci="10" mb="0" cb="2"/><line nr="98" mi="0" ci="6" mb="0" cb="0"/><line nr="99" mi="0" ci="1" mb="0" cb="0"/><line nr="102" mi="0" ci="3" mb="0" cb="0"/><line nr="109" mi="0" ci="3" mb="0" cb="0"/><line nr="112" mi="0" ci="3" mb="0" cb="0"/><line nr="113" mi="0" ci="1" mb="0" cb="0"/><line nr="118" mi="0" ci="2" mb="0" cb="0"/><line nr="119" mi="0" ci="2" mb="0" cb="0"/><line nr="121" mi="0" ci="3" mb="0" cb="2"/><line nr="122" mi="0" ci="3" mb="0" cb="0"/><line nr="123" mi="0" ci="4" mb="0" cb="0"/><line nr="124" mi="0" ci="6" mb="0" cb="2"/><line nr="125" mi="0" ci="3" mb="0" cb="0"/><line nr="126" mi="0" ci="4" mb="0" cb="0"/><line nr="128" mi="0" ci="3" mb="0" cb="0"/><line nr="131" mi="4" ci="6" mb="2" cb="2"/><line nr="134" mi="0" ci="7" mb="0" cb="0"/><line nr="135" mi="0" ci="7" mb="0" cb="0"/><line nr="139" mi="0" ci="5" mb="0" cb="0"/><line nr="140" mi="0" ci="4" mb="0" cb="0"/><line nr="141" mi="0" ci="4" mb="0" cb="0"/><line nr="144" mi="0" ci="3" mb="0" cb="2"/><line nr="145" mi="0" ci="5" mb="0" cb="0"/><line nr="147" mi="0" ci="2" mb="0" cb="0"/><line nr="154" mi="0" ci="6" mb="0" cb="0"/><line nr="155" mi="0" ci="6" mb="0" cb="0"/><line nr="156" mi="0" ci="6" mb="0" cb="0"/><line nr="157" mi="0" ci="6" mb="0" cb="0"/><counter type="INSTRUCTION" missed="6" covered="207"/><counter type="BRANCH" missed="3" covered="15"/><counter type="LINE" missed="0" covered="58"/><counter type="COMPLEXITY" missed="3" covered="11"/><counter type="METHOD" missed="0" covered="5"/><counter type="CLASS" missed="0" covered="1"/></sourcefile><sourcefile name="SensorCollectionVisualiser.java"/><sourcefile name="SensorReadingColourMap.java"><line nr="16" mi="0" ci="2" mb="0" cb="0"/><line nr="17" mi="0" ci="3" mb="0" cb="0"/><line nr="18" mi="0" ci="3" mb="0" cb="0"/><line nr="19" mi="0" ci="3" mb="0" cb="0"/><line nr="20" mi="0" ci="1" mb="0" cb="0"/><line nr="27" mi="0" ci="14" mb="0" cb="4"/><line nr="28" mi="0" ci="5" mb="0" cb="0"/><line nr="33" mi="0" ci="14" mb="0" cb="0"/><line nr="34" mi="0" ci="9" mb="0" cb="0"/><line nr="36" mi="0" ci="5" mb="0" cb="0"/><counter type="INSTRUCTION" missed="0" covered="59"/><counter type="BRANCH" missed="0" covered="4"/><counter type="LINE" missed="0" covered="10"/><counter type="COMPLEXITY" missed="0" covered="4"/><counter type="METHOD" missed="0" covered="2"/><counter type="CLASS" missed="0" covered="1"/></sourcefile><counter type="INSTRUCTION" missed="11" covered="510"/><counter type="BRANCH" missed="3" covered="29"/><counter type="LINE" missed="2" covered="107"/><counter type="COMPLEXITY" missed="5" covered="32"/><counter type="METHOD" missed="2" covered="19"/><counter type="CLASS" missed="0" covered="9"/></package><counter type="INSTRUCTION" missed="472" covered="4041"/><counter type="BRANCH" missed="112" covered="319"/><counter type="LINE" missed="73" covered="884"/><counter type="COMPLEXITY" missed="128" covered="287"/><counter type="METHOD" missed="24" covered="175"/><counter type="CLASS" missed="3" covered="50"/></report>