-------------------------------------------------------------------------------
Test set: uk.ac.ed.inf.aqmaps.visualisation.AQMapGeneratorTest
-------------------------------------------------------------------------------
Tests run: 1, Failures: 0, Errors: 1, Skipped: 0, Time elapsed: 0.001 s <<< FAILURE! - in uk.ac.ed.inf.aqmaps.visualisation.AQMapGeneratorTest
plotMapTestBasic  Time elapsed: 0 s  <<< ERROR!
java.lang.NoSuchMethodError: org.mockito.Mockito.mockitoSession()Lorg/mockito/session/MockitoSessionBuilder;

